2021-10-14 17:00:53  [ main:0 ] - [ INFO ]  ********************* INICIA PROCESO ***********************
2021-10-14 17:00:53  [ main:32 ] - [ INFO ]  Ingresa a constructor de ProcesoFacturasController
2021-10-14 17:00:53  [ main:35 ] - [ INFO ]  Ingresa a constructor de ProcesoFacturasDao
2021-10-14 17:00:53  [ main:35 ] - [ DEBUG ]  Antes de obtener la lista en metodo obtenerFacturasVantive
2021-10-14 17:00:53  [ main:35 ] - [ INFO ]  Antes de ejecutar statement obtenerFacturasVantive
2021-10-14 17:00:53  [ main:39 ] - [ INFO ]  Antes de obtener conexion
2021-10-14 17:00:54  [ main:1307 ] - [ INFO ]  Obtiene la conexion de forma correcta: {}
2021-10-14 17:00:54  [ main:1401 ] - [ INFO ]   SELECT bill_ref_no, tcgncid, url FROM WS_DOC1_NC_HEADER_VW where bill_ref_no  >= (SELECT TO_NUMBER(VALOR) FROM TC_MIGRACION_PARAMETROS WHERE PARAMETRO = 'TCNCHEADERID' ) and ind_provision = 1 AND url is null 
2021-10-14 17:00:54  [ main:1502 ] - [ INFO ]  se obtiene valor del campo bill_ref_no: BILL_REF_NO
2021-10-14 17:00:54  [ main:1502 ] - [ INFO ]  Statement obtiene resultados obtenerFacturasVantive
2021-10-14 17:00:54  [ main:1503 ] - [ INFO ]  cierra statement en metodo finaliza conexion.
2021-10-14 17:00:54  [ main:1579 ] - [ INFO ]  cierra conexion en metodo finaliza conexion.
2021-10-14 17:00:54  [ main:1579 ] - [ INFO ]  se manda a llamar el metodo de finaliza conexion en obtenerFacturasVantive
2021-10-14 17:00:54  [ main:1579 ] - [ INFO ]  Obtiene lista de vista => 1
2021-10-14 17:00:54  [ main:1580 ] - [ INFO ]  Antes de obtener conexion
2021-10-14 17:00:55  [ main:2334 ] - [ INFO ]  Obtiene la conexion de forma correcta: {}
2021-10-14 17:00:55  [ main:2473 ] - [ INFO ]  cierra conexion en metodo finaliza conexion.
2021-10-14 17:00:55  [ main:2474 ] - [ INFO ]  se manda a llamar el metodo de finaliza conexion en obtenerParametrosWS
2021-10-14 17:00:55  [ main:2593 ] - [ DEBUG ]  getBundle(org.apache.axis,org.apache.axis.i18n,resource,null,...)
2021-10-14 17:00:55  [ main:2603 ] - [ DEBUG ]  loadBundle: Ignoring MissingResourceException: Can't find bundle for base name org.apache.axis.resource, locale es_SV
2021-10-14 17:00:55  [ main:2603 ] - [ DEBUG ]  Created org.apache.axis.i18n.resource, linked to parent null
2021-10-14 17:00:55  [ main:2604 ] - [ DEBUG ]  getBundle(org.apache.axis,org.apache.axis.utils,resource,null,...)
2021-10-14 17:00:55  [ main:2605 ] - [ DEBUG ]  loadBundle: Ignoring MissingResourceException: Can't find bundle for base name org.apache.axis.utils.resource, locale es_SV
2021-10-14 17:00:55  [ main:2606 ] - [ DEBUG ]  loadBundle: Ignoring MissingResourceException: Can't find bundle for base name org.apache.axis.resource, locale es_SV
2021-10-14 17:00:55  [ main:2606 ] - [ DEBUG ]  Root package not found, cross link to org.apache.axis.i18n.resource
2021-10-14 17:00:55  [ main:2606 ] - [ DEBUG ]  Root package not found, cross link to org.apache.axis.i18n.resource
2021-10-14 17:00:55  [ main:2606 ] - [ DEBUG ]  org.apache.axis.i18n.resource::handleGetObject(engineConfigLoadFactory)
2021-10-14 17:00:55  [ main:2607 ] - [ DEBUG ]  Factory org.apache.axis.configuration.EngineConfigurationFactoryServlet Ignored: unable to load/resolve class.
2021-10-14 17:00:55  [ main:2608 ] - [ DEBUG ]  org.apache.axis.i18n.resource::handleGetObject(engineFactory)
2021-10-14 17:00:55  [ main:2608 ] - [ DEBUG ]  Got EngineFactory: org.apache.axis.configuration.EngineConfigurationFactoryDefault
2021-10-14 17:00:55  [ main:2611 ] - [ DEBUG ]  Enter: AxisEngine::init
2021-10-14 17:00:55  [ main:2720 ] - [ DEBUG ]  org.apache.axis.i18n.resource::handleGetObject(attachEnabled)
2021-10-14 17:00:55  [ main:2721 ] - [ DEBUG ]  Attachment support is enabled?  false
2021-10-14 17:00:55  [ main:2721 ] - [ DEBUG ]  org.apache.axis.i18n.resource::handleGetObject(attachDisabled)
2021-10-14 17:00:55  [ main:2722 ] - [ WARN ]  Unable to find required classes (javax.activation.DataHandler and javax.mail.internet.MimeMultipart). Attachment support is disabled.
2021-10-14 17:00:55  [ main:2728 ] - [ DEBUG ]  org.apache.axis.i18n.resource::handleGetObject(oddDigits00)
2021-10-14 17:00:55  [ main:2729 ] - [ DEBUG ]  org.apache.axis.i18n.resource::handleGetObject(badChars01)
2021-10-14 17:00:55  [ main:2786 ] - [ DEBUG ]  Exit: AxisEngine::init
2021-10-14 17:00:55  [ main:2822 ] - [ DEBUG ]  @53bd8fca added parameter >name:       {http://www.qit.com/wsdoc1/intf/client}WsCreateBillRequest
typeEntry:  null
mode:       IN
position:   0
isReturn:   false
typeQName:  {http://www.qit.com/wsdoc1/intf/client}>WsCreateBillRequest
javaType:   class com.qit.www.wsdoc1.intf.client.WsCreateBillRequest
inHeader:   false
outHeader:  false
@7642df8f<total parameters:1
2021-10-14 17:00:55  [ main:2823 ] - [ DEBUG ]  @53bd8fcasetReturnType({http://www.qit.com/wsdoc1/intf/client}>WsCreateBillResponse)
2021-10-14 17:00:55  [ main:2842 ] - [ DEBUG ]  @436bc36 added parameter >name:       {http://www.qit.com/wsdoc1/intf/client}WsCreateNoteRequest
typeEntry:  null
mode:       IN
position:   0
isReturn:   false
typeQName:  {http://www.qit.com/wsdoc1/intf/client}>WsCreateNoteRequest
javaType:   class com.qit.www.wsdoc1.intf.client.WsCreateNoteRequest
inHeader:   false
outHeader:  false
@5fe1ce85<total parameters:1
2021-10-14 17:00:55  [ main:2842 ] - [ DEBUG ]  @436bc36setReturnType({http://www.qit.com/wsdoc1/intf/client}>WsCreateNoteResponse)
2021-10-14 17:00:55  [ main:2853 ] - [ INFO ]  Parametro request: 5808744
2021-10-14 17:00:56  [ main:2903 ] - [ DEBUG ]  org.apache.axis.i18n.resource::handleGetObject(transport00)
2021-10-14 17:00:56  [ main:2903 ] - [ DEBUG ]  Transport is org.apache.axis.transport.http.HTTPTransport@5669c5fb
2021-10-14 17:00:56  [ main:2908 ] - [ DEBUG ]  Enter: Call::invoke(ns, meth, args)
2021-10-14 17:00:56  [ main:2914 ] - [ DEBUG ]  operation=name:        WsCreateNote
returnQName: {http://www.qit.com/wsdoc1/intf/client}WsCreateNoteResponse
returnType:  {http://www.qit.com/wsdoc1/intf/client}>WsCreateNoteResponse
returnClass: class com.qit.www.wsdoc1.intf.client.WsCreateNoteResponse
elementQName:null
soapAction:  null
style:       document
use:         literal
numInParams: 1
method:null
 ParameterDesc[0]:
  name:       {http://www.qit.com/wsdoc1/intf/client}WsCreateNoteRequest
  typeEntry:  null
  mode:       IN
  position:   0
  isReturn:   false
  typeQName:  {http://www.qit.com/wsdoc1/intf/client}>WsCreateNoteRequest
  javaType:   class com.qit.www.wsdoc1.intf.client.WsCreateNoteRequest
  inHeader:   false
  outHeader:  false


2021-10-14 17:00:56  [ main:2914 ] - [ DEBUG ]  operation.getNumParams()=1
2021-10-14 17:00:56  [ main:2915 ] - [ DEBUG ]  getParamList number of params: 1
2021-10-14 17:00:56  [ main:2917 ] - [ DEBUG ]  Enter: Call::invoke(RPCElement)
2021-10-14 17:00:56  [ main:2927 ] - [ DEBUG ]  org.apache.axis.i18n.resource::handleGetObject(attachEnabled)
2021-10-14 17:00:56  [ main:2927 ] - [ DEBUG ]  Attachment support is enabled?  false
2021-10-14 17:00:56  [ main:2933 ] - [ DEBUG ]  Enter: SOAPPart ctor(FORM_SOAPENVELOPE)
2021-10-14 17:00:56  [ main:2933 ] - [ DEBUG ]  org.apache.axis.i18n.resource::handleGetObject(setMsgForm)
2021-10-14 17:00:56  [ main:2933 ] - [ DEBUG ]  Setting current message form to: FORM_SOAPENVELOPE (currentMessage is now org.apache.axis.message.SOAPEnvelope)
2021-10-14 17:00:56  [ main:2933 ] - [ DEBUG ]  Exit: SOAPPart ctor()
2021-10-14 17:00:56  [ main:2933 ] - [ DEBUG ]  org.apache.axis.i18n.resource::handleGetObject(addBody00)
2021-10-14 17:00:56  [ main:2934 ] - [ DEBUG ]  Adding body element to message...
2021-10-14 17:00:56  [ main:2934 ] - [ DEBUG ]  Enter: Call::invoke()
2021-10-14 17:00:56  [ main:2934 ] - [ DEBUG ]  Enter: SOAPPart::getAsSOAPEnvelope()
2021-10-14 17:00:56  [ main:2934 ] - [ DEBUG ]  org.apache.axis.i18n.resource::handleGetObject(currForm)
2021-10-14 17:00:56  [ main:2934 ] - [ DEBUG ]  current form is FORM_SOAPENVELOPE
2021-10-14 17:00:56  [ main:2934 ] - [ DEBUG ]  MessageContext: setTargetService()
2021-10-14 17:00:56  [ main:2935 ] - [ DEBUG ]  org.apache.axis.i18n.resource::handleGetObject(noService10)
2021-10-14 17:00:56  [ main:2936 ] - [ DEBUG ]  Exception: 
org.apache.axis.ConfigurationException: No service named  is available
org.apache.axis.ConfigurationException: No service named  is available
	at org.apache.axis.configuration.FileProvider.getService(FileProvider.java:233)
	at org.apache.axis.AxisEngine.getService(AxisEngine.java:311)
	at org.apache.axis.MessageContext.setTargetService(MessageContext.java:756)
	at org.apache.axis.client.Call.invoke(Call.java:2708)
	at org.apache.axis.client.Call.invoke(Call.java:2443)
	at org.apache.axis.client.Call.invoke(Call.java:2366)
	at org.apache.axis.client.Call.invoke(Call.java:1812)
	at com.qit.www.wsdoc1.intf.client.WsDoc1Soap11Stub.wsCreateNote(WsDoc1Soap11Stub.java:223)
	at com.qitcorp.controller.ProcesoFacturasController.requestWsFacturasVantive(ProcesoFacturasController.java:85)
	at com.qitcorp.controller.ProcesoFacturasController.startProcessFactura(ProcesoFacturasController.java:47)
	at com.qitcorp.main.StartProcess.main(StartProcess.java:17)

	at org.apache.axis.configuration.FileProvider.getService(FileProvider.java:233)
	at org.apache.axis.AxisEngine.getService(AxisEngine.java:311)
	at org.apache.axis.MessageContext.setTargetService(MessageContext.java:756)
	at org.apache.axis.client.Call.invoke(Call.java:2708)
	at org.apache.axis.client.Call.invoke(Call.java:2443)
	at org.apache.axis.client.Call.invoke(Call.java:2366)
	at org.apache.axis.client.Call.invoke(Call.java:1812)
	at com.qit.www.wsdoc1.intf.client.WsDoc1Soap11Stub.wsCreateNote(WsDoc1Soap11Stub.java:223)
	at com.qitcorp.controller.ProcesoFacturasController.requestWsFacturasVantive(ProcesoFacturasController.java:85)
	at com.qitcorp.controller.ProcesoFacturasController.startProcessFactura(ProcesoFacturasController.java:47)
	at com.qitcorp.main.StartProcess.main(StartProcess.java:17)
2021-10-14 17:00:56  [ main:2939 ] - [ DEBUG ]  MessageContext: setServiceHandler(null)
2021-10-14 17:00:56  [ main:2939 ] - [ DEBUG ]  org.apache.axis.i18n.resource::handleGetObject(targetService)
2021-10-14 17:00:56  [ main:2939 ] - [ DEBUG ]  Target service:  
2021-10-14 17:00:56  [ main:2939 ] - [ DEBUG ]  MessageContext: setTargetService()
2021-10-14 17:00:56  [ main:2939 ] - [ DEBUG ]  org.apache.axis.i18n.resource::handleGetObject(noService10)
2021-10-14 17:00:56  [ main:2940 ] - [ DEBUG ]  Exception: 
org.apache.axis.ConfigurationException: No service named  is available
org.apache.axis.ConfigurationException: No service named  is available
	at org.apache.axis.configuration.FileProvider.getService(FileProvider.java:233)
	at org.apache.axis.AxisEngine.getService(AxisEngine.java:311)
	at org.apache.axis.MessageContext.setTargetService(MessageContext.java:756)
	at org.apache.axis.transport.http.HTTPTransport.setupMessageContextImpl(HTTPTransport.java:89)
	at org.apache.axis.client.Transport.setupMessageContext(Transport.java:46)
	at org.apache.axis.client.Call.invoke(Call.java:2738)
	at org.apache.axis.client.Call.invoke(Call.java:2443)
	at org.apache.axis.client.Call.invoke(Call.java:2366)
	at org.apache.axis.client.Call.invoke(Call.java:1812)
	at com.qit.www.wsdoc1.intf.client.WsDoc1Soap11Stub.wsCreateNote(WsDoc1Soap11Stub.java:223)
	at com.qitcorp.controller.ProcesoFacturasController.requestWsFacturasVantive(ProcesoFacturasController.java:85)
	at com.qitcorp.controller.ProcesoFacturasController.startProcessFactura(ProcesoFacturasController.java:47)
	at com.qitcorp.main.StartProcess.main(StartProcess.java:17)

	at org.apache.axis.configuration.FileProvider.getService(FileProvider.java:233)
	at org.apache.axis.AxisEngine.getService(AxisEngine.java:311)
	at org.apache.axis.MessageContext.setTargetService(MessageContext.java:756)
	at org.apache.axis.transport.http.HTTPTransport.setupMessageContextImpl(HTTPTransport.java:89)
	at org.apache.axis.client.Transport.setupMessageContext(Transport.java:46)
	at org.apache.axis.client.Call.invoke(Call.java:2738)
	at org.apache.axis.client.Call.invoke(Call.java:2443)
	at org.apache.axis.client.Call.invoke(Call.java:2366)
	at org.apache.axis.client.Call.invoke(Call.java:1812)
	at com.qit.www.wsdoc1.intf.client.WsDoc1Soap11Stub.wsCreateNote(WsDoc1Soap11Stub.java:223)
	at com.qitcorp.controller.ProcesoFacturasController.requestWsFacturasVantive(ProcesoFacturasController.java:85)
	at com.qitcorp.controller.ProcesoFacturasController.startProcessFactura(ProcesoFacturasController.java:47)
	at com.qitcorp.main.StartProcess.main(StartProcess.java:17)
2021-10-14 17:00:56  [ main:2940 ] - [ DEBUG ]  MessageContext: setServiceHandler(null)
2021-10-14 17:00:56  [ main:2943 ] - [ DEBUG ]  Enter: SOAPPart::getAsSOAPEnvelope()
2021-10-14 17:00:56  [ main:2943 ] - [ DEBUG ]  org.apache.axis.i18n.resource::handleGetObject(currForm)
2021-10-14 17:00:56  [ main:2943 ] - [ DEBUG ]  current form is FORM_SOAPENVELOPE
2021-10-14 17:00:56  [ main:2943 ] - [ DEBUG ]  org.apache.axis.i18n.resource::handleGetObject(register00)
2021-10-14 17:00:56  [ main:2944 ] - [ DEBUG ]  register 'soapenv' - 'http://schemas.xmlsoap.org/soap/envelope/'
2021-10-14 17:00:56  [ main:2944 ] - [ DEBUG ]  org.apache.axis.i18n.resource::handleGetObject(register00)
2021-10-14 17:00:56  [ main:2944 ] - [ DEBUG ]  register 'soapenv' - 'http://schemas.xmlsoap.org/soap/envelope/'
2021-10-14 17:00:56  [ main:2944 ] - [ DEBUG ]  org.apache.axis.i18n.resource::handleGetObject(register00)
2021-10-14 17:00:56  [ main:2944 ] - [ DEBUG ]  register 'xsd' - 'http://www.w3.org/2001/XMLSchema'
2021-10-14 17:00:56  [ main:2945 ] - [ DEBUG ]  org.apache.axis.i18n.resource::handleGetObject(register00)
2021-10-14 17:00:56  [ main:2945 ] - [ DEBUG ]  register 'xsi' - 'http://www.w3.org/2001/XMLSchema-instance'
2021-10-14 17:00:56  [ main:2946 ] - [ DEBUG ]  org.apache.axis.i18n.resource::handleGetObject(startElem00)
2021-10-14 17:00:56  [ main:2946 ] - [ DEBUG ]  Start element [http://schemas.xmlsoap.org/soap/envelope/]:Envelope
2021-10-14 17:00:56  [ main:2950 ] - [ DEBUG ]  org.apache.axis.i18n.resource::handleGetObject(startElem00)
2021-10-14 17:00:56  [ main:2950 ] - [ DEBUG ]  Start element [http://schemas.xmlsoap.org/soap/envelope/]:Body
2021-10-14 17:00:56  [ main:2950 ] - [ DEBUG ]  org.apache.axis.i18n.resource::handleGetObject(register00)
2021-10-14 17:00:56  [ main:2951 ] - [ DEBUG ]  register '' - 'http://www.qit.com/wsdoc1/intf/client'
2021-10-14 17:00:56  [ main:2951 ] - [ DEBUG ]  org.apache.axis.i18n.resource::handleGetObject(startElem00)
2021-10-14 17:00:56  [ main:2952 ] - [ DEBUG ]  Start element [http://www.qit.com/wsdoc1/intf/client]:WsCreateNoteRequest
2021-10-14 17:00:56  [ main:2957 ] - [ DEBUG ]  org.apache.axis.i18n.resource::handleGetObject(startElem00)
2021-10-14 17:00:56  [ main:2957 ] - [ DEBUG ]  Start element [http://www.qit.com/wsdoc1/intf/client]:bill_ref_no
2021-10-14 17:00:56  [ main:2961 ] - [ DEBUG ]  org.apache.axis.i18n.resource::handleGetObject(endElem00)
2021-10-14 17:00:56  [ main:2961 ] - [ DEBUG ]  End element bill_ref_no
2021-10-14 17:00:56  [ main:2961 ] - [ DEBUG ]  org.apache.axis.i18n.resource::handleGetObject(endElem00)
2021-10-14 17:00:56  [ main:2961 ] - [ DEBUG ]  End element WsCreateNoteRequest
2021-10-14 17:00:56  [ main:2961 ] - [ DEBUG ]  org.apache.axis.i18n.resource::handleGetObject(endElem00)
2021-10-14 17:00:56  [ main:2962 ] - [ DEBUG ]  End element soapenv:Body
2021-10-14 17:00:56  [ main:2962 ] - [ DEBUG ]  org.apache.axis.i18n.resource::handleGetObject(endElem00)
2021-10-14 17:00:56  [ main:2962 ] - [ DEBUG ]  End element soapenv:Envelope
2021-10-14 17:00:56  [ main:2962 ] - [ DEBUG ]  <?xml version="1.0" encoding="UTF-8"?><soapenv:Envelope xmlns:soapenv="http://schemas.xmlsoap.org/soap/envelope/" xmlns:xsd="http://www.w3.org/2001/XMLSchema" xmlns:xsi="http://www.w3.org/2001/XMLSchema-instance"><soapenv:Body><WsCreateNoteRequest xmlns="http://www.qit.com/wsdoc1/intf/client"><bill_ref_no>5808744</bill_ref_no></WsCreateNoteRequest></soapenv:Body></soapenv:Envelope>
2021-10-14 17:00:56  [ main:2962 ] - [ DEBUG ]  Enter: AxisClient::invoke
2021-10-14 17:00:56  [ main:2962 ] - [ DEBUG ]  EngineHandler: null
2021-10-14 17:00:56  [ main:2964 ] - [ DEBUG ]  org.apache.axis.i18n.resource::handleGetObject(axisUserAgent)
2021-10-14 17:00:56  [ main:2967 ] - [ DEBUG ]  Enter: SimpleChain::invoke
2021-10-14 17:00:56  [ main:2968 ] - [ DEBUG ]  org.apache.axis.i18n.resource::handleGetObject(enter00)
2021-10-14 17:00:56  [ main:2968 ] - [ DEBUG ]  Enter:  HTTPSender::invoke
2021-10-14 17:00:56  [ main:2968 ] - [ DEBUG ]  Enter: SOAPPart::saveChanges
2021-10-14 17:00:56  [ main:2971 ] - [ DEBUG ]  org.apache.axis.i18n.resource::handleGetObject(register00)
2021-10-14 17:00:56  [ main:2972 ] - [ DEBUG ]  register 'soapenv' - 'http://schemas.xmlsoap.org/soap/envelope/'
2021-10-14 17:00:56  [ main:2972 ] - [ DEBUG ]  org.apache.axis.i18n.resource::handleGetObject(register00)
2021-10-14 17:00:56  [ main:2972 ] - [ DEBUG ]  register 'soapenv' - 'http://schemas.xmlsoap.org/soap/envelope/'
2021-10-14 17:00:56  [ main:2972 ] - [ DEBUG ]  org.apache.axis.i18n.resource::handleGetObject(register00)
2021-10-14 17:00:56  [ main:2972 ] - [ DEBUG ]  register 'xsd' - 'http://www.w3.org/2001/XMLSchema'
2021-10-14 17:00:56  [ main:2972 ] - [ DEBUG ]  org.apache.axis.i18n.resource::handleGetObject(register00)
2021-10-14 17:00:56  [ main:2972 ] - [ DEBUG ]  register 'xsi' - 'http://www.w3.org/2001/XMLSchema-instance'
2021-10-14 17:00:56  [ main:2973 ] - [ DEBUG ]  org.apache.axis.i18n.resource::handleGetObject(startElem00)
2021-10-14 17:00:56  [ main:2973 ] - [ DEBUG ]  Start element [http://schemas.xmlsoap.org/soap/envelope/]:Envelope
2021-10-14 17:00:56  [ main:2973 ] - [ DEBUG ]  org.apache.axis.i18n.resource::handleGetObject(startElem00)
2021-10-14 17:00:56  [ main:2973 ] - [ DEBUG ]  Start element [http://schemas.xmlsoap.org/soap/envelope/]:Body
2021-10-14 17:00:56  [ main:2973 ] - [ DEBUG ]  org.apache.axis.i18n.resource::handleGetObject(register00)
2021-10-14 17:00:56  [ main:2973 ] - [ DEBUG ]  register '' - 'http://www.qit.com/wsdoc1/intf/client'
2021-10-14 17:00:56  [ main:2974 ] - [ DEBUG ]  org.apache.axis.i18n.resource::handleGetObject(startElem00)
2021-10-14 17:00:56  [ main:2974 ] - [ DEBUG ]  Start element [http://www.qit.com/wsdoc1/intf/client]:WsCreateNoteRequest
2021-10-14 17:00:56  [ main:2974 ] - [ DEBUG ]  org.apache.axis.i18n.resource::handleGetObject(startElem00)
2021-10-14 17:00:56  [ main:2974 ] - [ DEBUG ]  Start element [http://www.qit.com/wsdoc1/intf/client]:bill_ref_no
2021-10-14 17:00:56  [ main:2974 ] - [ DEBUG ]  org.apache.axis.i18n.resource::handleGetObject(endElem00)
2021-10-14 17:00:56  [ main:2974 ] - [ DEBUG ]  End element bill_ref_no
2021-10-14 17:00:56  [ main:2975 ] - [ DEBUG ]  org.apache.axis.i18n.resource::handleGetObject(endElem00)
2021-10-14 17:00:56  [ main:2975 ] - [ DEBUG ]  End element WsCreateNoteRequest
2021-10-14 17:00:56  [ main:2975 ] - [ DEBUG ]  org.apache.axis.i18n.resource::handleGetObject(endElem00)
2021-10-14 17:00:56  [ main:2975 ] - [ DEBUG ]  End element soapenv:Body
2021-10-14 17:00:56  [ main:2975 ] - [ DEBUG ]  org.apache.axis.i18n.resource::handleGetObject(endElem00)
2021-10-14 17:00:56  [ main:2975 ] - [ DEBUG ]  End element soapenv:Envelope
2021-10-14 17:00:56  [ main:2975 ] - [ DEBUG ]  org.apache.axis.i18n.resource::handleGetObject(setMsgForm)
2021-10-14 17:00:56  [ main:2976 ] - [ DEBUG ]  Setting current message form to: FORM_OPTIMIZED (currentMessage is now org.apache.axis.utils.ByteArray)
2021-10-14 17:00:56  [ main:2976 ] - [ DEBUG ]  Exit: SOAPPart::saveChanges(): org.apache.axis.utils.ByteArray@710b18a6
2021-10-14 17:00:56  [ main:3050 ] - [ DEBUG ]  org.apache.axis.i18n.resource::handleGetObject(createdHTTP00)
2021-10-14 17:00:56  [ main:3051 ] - [ DEBUG ]  Created an insecure HTTP connection
2021-10-14 17:00:56  [ main:3051 ] - [ DEBUG ]  org.apache.axis.i18n.resource::handleGetObject(xmlSent00)
2021-10-14 17:00:56  [ main:3052 ] - [ DEBUG ]  XML sent:
2021-10-14 17:00:56  [ main:3052 ] - [ DEBUG ]  ---------------------------------------------------
2021-10-14 17:00:56  [ main:3053 ] - [ DEBUG ]  POST /wsdoc1/ HTTP/1.0
Content-Type: text/xml; charset=utf-8
Accept: application/soap+xml, application/dime, multipart/related, text/*
User-Agent: Axis/1.4
Host: 10.231.128.139:7003
Cache-Control: no-cache
Pragma: no-cache
SOAPAction: ""
Content-Length: 384

<?xml version="1.0" encoding="UTF-8"?><soapenv:Envelope xmlns:soapenv="http://schemas.xmlsoap.org/soap/envelope/" xmlns:xsd="http://www.w3.org/2001/XMLSchema" xmlns:xsi="http://www.w3.org/2001/XMLSchema-instance"><soapenv:Body><WsCreateNoteRequest xmlns="http://www.qit.com/wsdoc1/intf/client"><bill_ref_no>5808744</bill_ref_no></WsCreateNoteRequest></soapenv:Body></soapenv:Envelope>
2021-10-14 17:00:57  [ main:4549 ] - [ DEBUG ]  HTTP/1.1 200 OK
2021-10-14 17:00:57  [ main:4550 ] - [ DEBUG ]  Connection close
2021-10-14 17:00:57  [ main:4550 ] - [ DEBUG ]  Date Thu, 14 Oct 2021 23:00:44 GMT
2021-10-14 17:00:57  [ main:4550 ] - [ DEBUG ]  Content-Length 316
2021-10-14 17:00:57  [ main:4550 ] - [ DEBUG ]  Content-Type text/xml; charset=UTF-8
2021-10-14 17:00:57  [ main:4551 ] - [ DEBUG ]  SOAPAction ""
2021-10-14 17:00:57  [ main:4551 ] - [ DEBUG ]  Accept text/xml
2021-10-14 17:00:57  [ main:4552 ] - [ DEBUG ]  Enter: SOAPPart ctor(FORM_INPUTSTREAM)
2021-10-14 17:00:57  [ main:4553 ] - [ DEBUG ]  org.apache.axis.i18n.resource::handleGetObject(setMsgForm)
2021-10-14 17:00:57  [ main:4553 ] - [ DEBUG ]  Setting current message form to: FORM_INPUTSTREAM (currentMessage is now org.apache.axis.transport.http.SocketInputStream)
2021-10-14 17:00:57  [ main:4553 ] - [ DEBUG ]  Exit: SOAPPart ctor()
2021-10-14 17:00:57  [ main:4554 ] - [ DEBUG ]  org.apache.axis.i18n.resource::handleGetObject(xmlRecd00)
2021-10-14 17:00:57  [ main:4554 ] - [ DEBUG ]  
XML received:
2021-10-14 17:00:57  [ main:4554 ] - [ DEBUG ]  -----------------------------------------------
2021-10-14 17:00:57  [ main:4554 ] - [ DEBUG ]  Enter: SOAPPart::getAsSOAPEnvelope()
2021-10-14 17:00:57  [ main:4555 ] - [ DEBUG ]  org.apache.axis.i18n.resource::handleGetObject(currForm)
2021-10-14 17:00:57  [ main:4555 ] - [ DEBUG ]  current form is FORM_INPUTSTREAM
2021-10-14 17:00:57  [ main:4561 ] - [ DEBUG ]  org.apache.axis.i18n.resource::handleGetObject(pushHandler00)
2021-10-14 17:00:57  [ main:4562 ] - [ DEBUG ]  Pushing handler org.apache.axis.message.EnvelopeHandler@315f43d5
2021-10-14 17:00:57  [ main:4564 ] - [ DEBUG ]  Enter: DeserializationContext::startPrefixMapping(env, http://schemas.xmlsoap.org/soap/envelope/)
2021-10-14 17:00:57  [ main:4565 ] - [ DEBUG ]  Exit: DeserializationContext::startPrefixMapping()
2021-10-14 17:00:57  [ main:4565 ] - [ DEBUG ]  Enter: DeserializationContext::startElement(http://schemas.xmlsoap.org/soap/envelope/, Envelope)
2021-10-14 17:00:57  [ main:4565 ] - [ DEBUG ]  org.apache.axis.i18n.resource::handleGetObject(pushHandler00)
2021-10-14 17:00:57  [ main:4565 ] - [ DEBUG ]  Pushing handler org.apache.axis.message.EnvelopeBuilder@781f10f2
2021-10-14 17:00:57  [ main:4565 ] - [ DEBUG ]  Pushing element Envelope
2021-10-14 17:00:57  [ main:4565 ] - [ DEBUG ]  Exit: DeserializationContext::startElement()
2021-10-14 17:00:57  [ main:4566 ] - [ DEBUG ]  Enter: DeserializationContext::startElement(http://schemas.xmlsoap.org/soap/envelope/, Header)
2021-10-14 17:00:57  [ main:4566 ] - [ DEBUG ]  org.apache.axis.i18n.resource::handleGetObject(pushHandler00)
2021-10-14 17:00:57  [ main:4566 ] - [ DEBUG ]  Pushing handler org.apache.axis.message.HeaderBuilder@2e9fda69
2021-10-14 17:00:57  [ main:4566 ] - [ DEBUG ]  org.apache.axis.i18n.resource::handleGetObject(newElem00)
2021-10-14 17:00:57  [ main:4566 ] - [ DEBUG ]  New MessageElement (org.apache.axis.message.SOAPHeader@17cdf2d0) named {env}Header
2021-10-14 17:00:57  [ main:4567 ] - [ DEBUG ]  Pushing element Header
2021-10-14 17:00:57  [ main:4567 ] - [ DEBUG ]  Exit: DeserializationContext::startElement()
2021-10-14 17:00:57  [ main:4567 ] - [ DEBUG ]  Enter: DeserializationContext::endElement(http://schemas.xmlsoap.org/soap/envelope/, Header)
2021-10-14 17:00:57  [ main:4567 ] - [ DEBUG ]  org.apache.axis.i18n.resource::handleGetObject(popHandler00)
2021-10-14 17:00:57  [ main:4567 ] - [ DEBUG ]  Popping handler org.apache.axis.message.HeaderBuilder@2e9fda69
2021-10-14 17:00:57  [ main:4567 ] - [ DEBUG ]  Popped element stack to org.apache.axis.message.SOAPEnvelope:Envelope
2021-10-14 17:00:57  [ main:4567 ] - [ DEBUG ]  Exit: DeserializationContext::endElement()
2021-10-14 17:00:57  [ main:4567 ] - [ DEBUG ]  Enter: DeserializationContext::startElement(http://schemas.xmlsoap.org/soap/envelope/, Body)
2021-10-14 17:00:57  [ main:4569 ] - [ DEBUG ]  org.apache.axis.i18n.resource::handleGetObject(pushHandler00)
2021-10-14 17:00:57  [ main:4569 ] - [ DEBUG ]  Pushing handler org.apache.axis.message.BodyBuilder@5b529706
2021-10-14 17:00:57  [ main:4569 ] - [ DEBUG ]  org.apache.axis.i18n.resource::handleGetObject(newElem00)
2021-10-14 17:00:57  [ main:4569 ] - [ DEBUG ]  New MessageElement (org.apache.axis.message.SOAPBody@63fdab07) named {env}Body
2021-10-14 17:00:57  [ main:4570 ] - [ DEBUG ]  Pushing element Body
2021-10-14 17:00:57  [ main:4570 ] - [ DEBUG ]  Exit: DeserializationContext::startElement()
2021-10-14 17:00:57  [ main:4570 ] - [ DEBUG ]  Enter: DeserializationContext::startPrefixMapping(, http://www.qit.com/wsdoc1/intf/client)
2021-10-14 17:00:57  [ main:4570 ] - [ DEBUG ]  Exit: DeserializationContext::startPrefixMapping()
2021-10-14 17:00:57  [ main:4570 ] - [ DEBUG ]  Enter: DeserializationContext::startElement(http://www.qit.com/wsdoc1/intf/client, WsCreateNoteResponse)
2021-10-14 17:00:57  [ main:4570 ] - [ DEBUG ]  Enter: BodyBuilder::onStartChild()
2021-10-14 17:00:57  [ main:4570 ] - [ DEBUG ]  org.apache.axis.i18n.resource::handleGetObject(newElem00)
2021-10-14 17:00:57  [ main:4570 ] - [ DEBUG ]  New MessageElement (org.apache.axis.message.RPCElement@7b5a12ae) named {}WsCreateNoteResponse
2021-10-14 17:00:57  [ main:4571 ] - [ DEBUG ]  Exit: BodyBuilder::onStartChild()
2021-10-14 17:00:57  [ main:4571 ] - [ DEBUG ]  org.apache.axis.i18n.resource::handleGetObject(pushHandler00)
2021-10-14 17:00:57  [ main:4571 ] - [ DEBUG ]  Pushing handler org.apache.axis.message.SOAPHandler@5553d0f5
2021-10-14 17:00:57  [ main:4571 ] - [ DEBUG ]  Pushing element WsCreateNoteResponse
2021-10-14 17:00:57  [ main:4571 ] - [ DEBUG ]  Exit: DeserializationContext::startElement()
2021-10-14 17:00:57  [ main:4571 ] - [ DEBUG ]  Enter: DeserializationContext::startElement(http://www.qit.com/wsdoc1/intf/client, mensaje)
2021-10-14 17:00:57  [ main:4571 ] - [ DEBUG ]  org.apache.axis.i18n.resource::handleGetObject(pushHandler00)
2021-10-14 17:00:57  [ main:4571 ] - [ DEBUG ]  Pushing handler org.apache.axis.message.SOAPHandler@1af687fe
2021-10-14 17:00:57  [ main:4571 ] - [ DEBUG ]  org.apache.axis.i18n.resource::handleGetObject(newElem00)
2021-10-14 17:00:57  [ main:4572 ] - [ DEBUG ]  New MessageElement (org.apache.axis.message.MessageElement@14dda234) named {}mensaje
2021-10-14 17:00:57  [ main:4572 ] - [ DEBUG ]  Pushing element mensaje
2021-10-14 17:00:57  [ main:4572 ] - [ DEBUG ]  Exit: DeserializationContext::startElement()
2021-10-14 17:00:57  [ main:4572 ] - [ DEBUG ]  Enter: DeserializationContext::endElement(http://www.qit.com/wsdoc1/intf/client, mensaje)
2021-10-14 17:00:57  [ main:4572 ] - [ DEBUG ]  org.apache.axis.i18n.resource::handleGetObject(popHandler00)
2021-10-14 17:00:57  [ main:4572 ] - [ DEBUG ]  Popping handler org.apache.axis.message.SOAPHandler@1af687fe
2021-10-14 17:00:57  [ main:4573 ] - [ DEBUG ]  Popped element stack to org.apache.axis.message.RPCElement:WsCreateNoteResponse
2021-10-14 17:00:57  [ main:4574 ] - [ DEBUG ]  Exit: DeserializationContext::endElement()
2021-10-14 17:00:57  [ main:4574 ] - [ DEBUG ]  Enter: DeserializationContext::startElement(http://www.qit.com/wsdoc1/intf/client, ruta_pdf)
2021-10-14 17:00:57  [ main:4574 ] - [ DEBUG ]  org.apache.axis.i18n.resource::handleGetObject(pushHandler00)
2021-10-14 17:00:57  [ main:4574 ] - [ DEBUG ]  Pushing handler org.apache.axis.message.SOAPHandler@47a5b70d
2021-10-14 17:00:57  [ main:4574 ] - [ DEBUG ]  org.apache.axis.i18n.resource::handleGetObject(newElem00)
2021-10-14 17:00:57  [ main:4574 ] - [ DEBUG ]  New MessageElement (org.apache.axis.message.MessageElement@424fd310) named {}ruta_pdf
2021-10-14 17:00:57  [ main:4575 ] - [ DEBUG ]  Pushing element ruta_pdf
2021-10-14 17:00:57  [ main:4575 ] - [ DEBUG ]  Exit: DeserializationContext::startElement()
2021-10-14 17:00:57  [ main:4575 ] - [ DEBUG ]  Enter: DeserializationContext::endElement(http://www.qit.com/wsdoc1/intf/client, ruta_pdf)
2021-10-14 17:00:57  [ main:4575 ] - [ DEBUG ]  org.apache.axis.i18n.resource::handleGetObject(popHandler00)
2021-10-14 17:00:57  [ main:4575 ] - [ DEBUG ]  Popping handler org.apache.axis.message.SOAPHandler@47a5b70d
2021-10-14 17:00:57  [ main:4575 ] - [ DEBUG ]  Popped element stack to org.apache.axis.message.RPCElement:WsCreateNoteResponse
2021-10-14 17:00:57  [ main:4575 ] - [ DEBUG ]  Exit: DeserializationContext::endElement()
2021-10-14 17:00:57  [ main:4575 ] - [ DEBUG ]  Enter: DeserializationContext::endElement(http://www.qit.com/wsdoc1/intf/client, WsCreateNoteResponse)
2021-10-14 17:00:57  [ main:4575 ] - [ DEBUG ]  org.apache.axis.i18n.resource::handleGetObject(popHandler00)
2021-10-14 17:00:57  [ main:4575 ] - [ DEBUG ]  Popping handler org.apache.axis.message.SOAPHandler@5553d0f5
2021-10-14 17:00:57  [ main:4576 ] - [ DEBUG ]  Popped element stack to org.apache.axis.message.SOAPBody:Body
2021-10-14 17:00:57  [ main:4576 ] - [ DEBUG ]  Exit: DeserializationContext::endElement()
2021-10-14 17:00:57  [ main:4576 ] - [ DEBUG ]  Enter: DeserializationContext::endPrefixMapping()
2021-10-14 17:00:57  [ main:4576 ] - [ DEBUG ]  Exit: DeserializationContext::endPrefixMapping()
2021-10-14 17:00:57  [ main:4576 ] - [ DEBUG ]  Enter: DeserializationContext::endElement(http://schemas.xmlsoap.org/soap/envelope/, Body)
2021-10-14 17:00:57  [ main:4577 ] - [ DEBUG ]  org.apache.axis.i18n.resource::handleGetObject(popHandler00)
2021-10-14 17:00:57  [ main:4577 ] - [ DEBUG ]  Popping handler org.apache.axis.message.BodyBuilder@5b529706
2021-10-14 17:00:57  [ main:4577 ] - [ DEBUG ]  Popped element stack to org.apache.axis.message.SOAPEnvelope:Envelope
2021-10-14 17:00:57  [ main:4577 ] - [ DEBUG ]  Exit: DeserializationContext::endElement()
2021-10-14 17:00:57  [ main:4577 ] - [ DEBUG ]  Enter: DeserializationContext::endElement(http://schemas.xmlsoap.org/soap/envelope/, Envelope)
2021-10-14 17:00:57  [ main:4577 ] - [ DEBUG ]  org.apache.axis.i18n.resource::handleGetObject(popHandler00)
2021-10-14 17:00:57  [ main:4578 ] - [ DEBUG ]  Popping handler org.apache.axis.message.EnvelopeBuilder@781f10f2
2021-10-14 17:00:57  [ main:4578 ] - [ DEBUG ]  Popped element stack to null
2021-10-14 17:00:57  [ main:4578 ] - [ DEBUG ]  Exit: DeserializationContext::endElement()
2021-10-14 17:00:57  [ main:4578 ] - [ DEBUG ]  Enter: DeserializationContext::endPrefixMapping(env)
2021-10-14 17:00:57  [ main:4578 ] - [ DEBUG ]  Exit: DeserializationContext::endPrefixMapping()
2021-10-14 17:00:57  [ main:4579 ] - [ DEBUG ]  Enter: DeserializationContext::endDocument()
2021-10-14 17:00:57  [ main:4579 ] - [ DEBUG ]  Exit: DeserializationContext::endDocument()
2021-10-14 17:00:57  [ main:4580 ] - [ DEBUG ]  org.apache.axis.i18n.resource::handleGetObject(setMsgForm)
2021-10-14 17:00:57  [ main:4580 ] - [ DEBUG ]  Setting current message form to: FORM_SOAPENVELOPE (currentMessage is now org.apache.axis.message.SOAPEnvelope)
2021-10-14 17:00:57  [ main:4580 ] - [ DEBUG ]  Exit: SOAPPart::getAsSOAPEnvelope
2021-10-14 17:00:57  [ main:4580 ] - [ DEBUG ]  org.apache.axis.i18n.resource::handleGetObject(register00)
2021-10-14 17:00:57  [ main:4580 ] - [ DEBUG ]  register 'env' - 'http://schemas.xmlsoap.org/soap/envelope/'
2021-10-14 17:00:57  [ main:4580 ] - [ DEBUG ]  org.apache.axis.i18n.resource::handleGetObject(startElem00)
2021-10-14 17:00:57  [ main:4581 ] - [ DEBUG ]  Start element [http://schemas.xmlsoap.org/soap/envelope/]:Envelope
2021-10-14 17:00:57  [ main:4581 ] - [ DEBUG ]  org.apache.axis.i18n.resource::handleGetObject(startElem00)
2021-10-14 17:00:57  [ main:4581 ] - [ DEBUG ]  Start element [http://schemas.xmlsoap.org/soap/envelope/]:Body
2021-10-14 17:00:57  [ main:4582 ] - [ DEBUG ]  org.apache.axis.i18n.resource::handleGetObject(register00)
2021-10-14 17:00:57  [ main:4583 ] - [ DEBUG ]  register '' - 'http://www.qit.com/wsdoc1/intf/client'
2021-10-14 17:00:57  [ main:4583 ] - [ DEBUG ]  SAXOutputter.startElement ['http://www.qit.com/wsdoc1/intf/client' WsCreateNoteResponse]
2021-10-14 17:00:57  [ main:4583 ] - [ DEBUG ]  org.apache.axis.i18n.resource::handleGetObject(startElem00)
2021-10-14 17:00:57  [ main:4583 ] - [ DEBUG ]  Start element [http://www.qit.com/wsdoc1/intf/client]:WsCreateNoteResponse
2021-10-14 17:00:57  [ main:4583 ] - [ DEBUG ]  SAXOutputter.startElement ['http://www.qit.com/wsdoc1/intf/client' mensaje]
2021-10-14 17:00:57  [ main:4584 ] - [ DEBUG ]  org.apache.axis.i18n.resource::handleGetObject(startElem00)
2021-10-14 17:00:57  [ main:4584 ] - [ DEBUG ]  Start element [http://www.qit.com/wsdoc1/intf/client]:mensaje
2021-10-14 17:00:57  [ main:4584 ] - [ DEBUG ]  SAXOutputter.characters ['Transaccion exitosa']
2021-10-14 17:00:57  [ main:4584 ] - [ DEBUG ]  SAXOutputter.endElement ['http://www.qit.com/wsdoc1/intf/client' mensaje]
2021-10-14 17:00:57  [ main:4584 ] - [ DEBUG ]  org.apache.axis.i18n.resource::handleGetObject(endElem00)
2021-10-14 17:00:57  [ main:4584 ] - [ DEBUG ]  End element mensaje
2021-10-14 17:00:57  [ main:4584 ] - [ DEBUG ]  SAXOutputter.startElement ['http://www.qit.com/wsdoc1/intf/client' ruta_pdf]
2021-10-14 17:00:57  [ main:4585 ] - [ DEBUG ]  org.apache.axis.i18n.resource::handleGetObject(startElem00)
2021-10-14 17:00:57  [ main:4585 ] - [ DEBUG ]  Start element [http://www.qit.com/wsdoc1/intf/client]:ruta_pdf
2021-10-14 17:00:57  [ main:4585 ] - [ DEBUG ]  SAXOutputter.characters ['/app/app_interfaz/DOC1data/SV/ImprCAM_5808744.pdf']
2021-10-14 17:00:57  [ main:4585 ] - [ DEBUG ]  SAXOutputter.endElement ['http://www.qit.com/wsdoc1/intf/client' ruta_pdf]
2021-10-14 17:00:57  [ main:4585 ] - [ DEBUG ]  org.apache.axis.i18n.resource::handleGetObject(endElem00)
2021-10-14 17:00:57  [ main:4586 ] - [ DEBUG ]  End element ruta_pdf
2021-10-14 17:00:57  [ main:4586 ] - [ DEBUG ]  SAXOutputter.endElement ['http://www.qit.com/wsdoc1/intf/client' WsCreateNoteResponse]
2021-10-14 17:00:57  [ main:4586 ] - [ DEBUG ]  org.apache.axis.i18n.resource::handleGetObject(endElem00)
2021-10-14 17:00:57  [ main:4586 ] - [ DEBUG ]  End element WsCreateNoteResponse
2021-10-14 17:00:57  [ main:4586 ] - [ DEBUG ]  org.apache.axis.i18n.resource::handleGetObject(endElem00)
2021-10-14 17:00:57  [ main:4586 ] - [ DEBUG ]  End element env:Body
2021-10-14 17:00:57  [ main:4586 ] - [ DEBUG ]  org.apache.axis.i18n.resource::handleGetObject(endElem00)
2021-10-14 17:00:57  [ main:4586 ] - [ DEBUG ]  End element env:Envelope
2021-10-14 17:00:57  [ main:4587 ] - [ DEBUG ]  <env:Envelope xmlns:env="http://schemas.xmlsoap.org/soap/envelope/"><env:Body><WsCreateNoteResponse xmlns="http://www.qit.com/wsdoc1/intf/client"><mensaje>Transaccion exitosa</mensaje><ruta_pdf>/app/app_interfaz/DOC1data/SV/ImprCAM_5808744.pdf</ruta_pdf></WsCreateNoteResponse></env:Body></env:Envelope>
2021-10-14 17:00:57  [ main:4587 ] - [ DEBUG ]  org.apache.axis.i18n.resource::handleGetObject(exit00)
2021-10-14 17:00:57  [ main:4587 ] - [ DEBUG ]  Exit:  HTTPDispatchHandler::invoke
2021-10-14 17:00:57  [ main:4587 ] - [ DEBUG ]  Exit: SimpleChain::invoke
2021-10-14 17:00:57  [ main:4587 ] - [ DEBUG ]  org.apache.axis.i18n.resource::handleGetObject(semanticCheck00)
2021-10-14 17:00:57  [ main:4587 ] - [ DEBUG ]  Doing SOAP semantic checks...
2021-10-14 17:00:57  [ main:4587 ] - [ DEBUG ]  Enter: SOAPPart::getAsSOAPEnvelope()
2021-10-14 17:00:57  [ main:4588 ] - [ DEBUG ]  org.apache.axis.i18n.resource::handleGetObject(currForm)
2021-10-14 17:00:57  [ main:4588 ] - [ DEBUG ]  current form is FORM_SOAPENVELOPE
2021-10-14 17:00:57  [ main:4588 ] - [ DEBUG ]  Exit: AxisClient::invoke
2021-10-14 17:00:57  [ main:4588 ] - [ DEBUG ]  Enter: SOAPPart::getAsSOAPEnvelope()
2021-10-14 17:00:57  [ main:4588 ] - [ DEBUG ]  org.apache.axis.i18n.resource::handleGetObject(currForm)
2021-10-14 17:00:57  [ main:4588 ] - [ DEBUG ]  current form is FORM_SOAPENVELOPE
2021-10-14 17:00:57  [ main:4588 ] - [ DEBUG ]  Exit: Call::invoke()
2021-10-14 17:00:57  [ main:4588 ] - [ DEBUG ]  Enter: SOAPPart::getAsSOAPEnvelope()
2021-10-14 17:00:57  [ main:4588 ] - [ DEBUG ]  org.apache.axis.i18n.resource::handleGetObject(currForm)
2021-10-14 17:00:57  [ main:4589 ] - [ DEBUG ]  current form is FORM_SOAPENVELOPE
2021-10-14 17:00:57  [ main:4589 ] - [ DEBUG ]  org.apache.axis.i18n.resource::handleGetObject(pushHandler00)
2021-10-14 17:00:57  [ main:4589 ] - [ DEBUG ]  Pushing handler org.apache.axis.message.RPCHandler@5c530d1e
2021-10-14 17:00:57  [ main:4590 ] - [ DEBUG ]  Enter: DeserializationContext::startPrefixMapping(, http://www.qit.com/wsdoc1/intf/client)
2021-10-14 17:00:57  [ main:4590 ] - [ DEBUG ]  Exit: DeserializationContext::startPrefixMapping()
2021-10-14 17:00:57  [ main:4590 ] - [ DEBUG ]  Enter: DeserializationContext::startElement(http://www.qit.com/wsdoc1/intf/client, WsCreateNoteResponse)
2021-10-14 17:00:57  [ main:4590 ] - [ DEBUG ]  Enter: RPCHandler.onStartChild()
2021-10-14 17:00:57  [ main:4590 ] - [ DEBUG ]  org.apache.axis.i18n.resource::handleGetObject(typeFromAttr00)
2021-10-14 17:00:57  [ main:4590 ] - [ DEBUG ]  Type from attributes is:  null
2021-10-14 17:00:57  [ main:4591 ] - [ DEBUG ]  Exit: RPCHandler.onStartChild()
2021-10-14 17:00:57  [ main:4591 ] - [ DEBUG ]  org.apache.axis.i18n.resource::handleGetObject(pushHandler00)
2021-10-14 17:00:57  [ main:4592 ] - [ DEBUG ]  Pushing handler org.apache.axis.encoding.ser.BeanDeserializer@4a11eb84
2021-10-14 17:00:57  [ main:4592 ] - [ DEBUG ]  Exit: DeserializationContext::startElement()
2021-10-14 17:00:57  [ main:4592 ] - [ DEBUG ]  Enter: DeserializationContext::startElement(http://www.qit.com/wsdoc1/intf/client, mensaje)
2021-10-14 17:00:57  [ main:4597 ] - [ DEBUG ]  org.apache.axis.i18n.resource::handleGetObject(pushHandler00)
2021-10-14 17:00:57  [ main:4597 ] - [ DEBUG ]  Pushing handler org.apache.axis.encoding.ser.SimpleDeserializer@758a34ce
2021-10-14 17:00:57  [ main:4597 ] - [ DEBUG ]  Exit: DeserializationContext::startElement()
2021-10-14 17:00:57  [ main:4597 ] - [ DEBUG ]  Enter: DeserializationContext::endElement(http://www.qit.com/wsdoc1/intf/client, mensaje)
2021-10-14 17:00:57  [ main:4598 ] - [ DEBUG ]  org.apache.axis.i18n.resource::handleGetObject(popHandler00)
2021-10-14 17:00:57  [ main:4598 ] - [ DEBUG ]  Popping handler org.apache.axis.encoding.ser.SimpleDeserializer@758a34ce
2021-10-14 17:00:57  [ main:4598 ] - [ DEBUG ]  org.apache.axis.i18n.resource::handleGetObject(setValueInTarget00)
2021-10-14 17:00:57  [ main:4598 ] - [ DEBUG ]  Set value Transaccion exitosa in target org.apache.axis.encoding.ser.BeanPropertyTarget@312ab28e
2021-10-14 17:00:57  [ main:4598 ] - [ DEBUG ]  org.apache.axis.i18n.resource::handleGetObject(setValueInTarget00)
2021-10-14 17:00:57  [ main:4598 ] - [ DEBUG ]  Set value Transaccion exitosa in target org.apache.axis.encoding.CallbackTarget@5644dc81
2021-10-14 17:00:57  [ main:4598 ] - [ DEBUG ]  Popped element stack to org.apache.axis.message.RPCElement:WsCreateNoteResponse
2021-10-14 17:00:57  [ main:4598 ] - [ DEBUG ]  Exit: DeserializationContext::endElement()
2021-10-14 17:00:57  [ main:4598 ] - [ DEBUG ]  Enter: DeserializationContext::startElement(http://www.qit.com/wsdoc1/intf/client, ruta_pdf)
2021-10-14 17:00:57  [ main:4598 ] - [ DEBUG ]  org.apache.axis.i18n.resource::handleGetObject(pushHandler00)
2021-10-14 17:00:57  [ main:4599 ] - [ DEBUG ]  Pushing handler org.apache.axis.encoding.ser.SimpleDeserializer@758a34ce
2021-10-14 17:00:57  [ main:4599 ] - [ DEBUG ]  Exit: DeserializationContext::startElement()
2021-10-14 17:00:57  [ main:4599 ] - [ DEBUG ]  Enter: DeserializationContext::endElement(http://www.qit.com/wsdoc1/intf/client, ruta_pdf)
2021-10-14 17:00:57  [ main:4599 ] - [ DEBUG ]  org.apache.axis.i18n.resource::handleGetObject(popHandler00)
2021-10-14 17:00:57  [ main:4599 ] - [ DEBUG ]  Popping handler org.apache.axis.encoding.ser.SimpleDeserializer@758a34ce
2021-10-14 17:00:57  [ main:4599 ] - [ DEBUG ]  org.apache.axis.i18n.resource::handleGetObject(setValueInTarget00)
2021-10-14 17:00:57  [ main:4599 ] - [ DEBUG ]  Set value /app/app_interfaz/DOC1data/SV/ImprCAM_5808744.pdf in target org.apache.axis.encoding.ser.BeanPropertyTarget@246f8b8b
2021-10-14 17:00:57  [ main:4599 ] - [ DEBUG ]  org.apache.axis.i18n.resource::handleGetObject(setValueInTarget00)
2021-10-14 17:00:57  [ main:4599 ] - [ DEBUG ]  Set value /app/app_interfaz/DOC1data/SV/ImprCAM_5808744.pdf in target org.apache.axis.encoding.CallbackTarget@278bb07e
2021-10-14 17:00:57  [ main:4599 ] - [ DEBUG ]  Popped element stack to org.apache.axis.message.RPCElement:WsCreateNoteResponse
2021-10-14 17:00:57  [ main:4599 ] - [ DEBUG ]  Exit: DeserializationContext::endElement()
2021-10-14 17:00:57  [ main:4599 ] - [ DEBUG ]  Enter: DeserializationContext::endElement(http://www.qit.com/wsdoc1/intf/client, WsCreateNoteResponse)
2021-10-14 17:00:57  [ main:4600 ] - [ DEBUG ]  org.apache.axis.i18n.resource::handleGetObject(popHandler00)
2021-10-14 17:00:57  [ main:4600 ] - [ DEBUG ]  Popping handler org.apache.axis.encoding.ser.BeanDeserializer@4a11eb84
2021-10-14 17:00:57  [ main:4600 ] - [ DEBUG ]  org.apache.axis.i18n.resource::handleGetObject(setValueInTarget00)
2021-10-14 17:00:57  [ main:4600 ] - [ DEBUG ]  Set value com.qit.www.wsdoc1.intf.client.WsCreateNoteResponse@633d7318 in target org.apache.axis.message.RPCParamTarget@4351c8c3
2021-10-14 17:00:57  [ main:4600 ] - [ DEBUG ]  Popped element stack to org.apache.axis.message.SOAPBody:Body
2021-10-14 17:00:57  [ main:4600 ] - [ DEBUG ]  Exit: DeserializationContext::endElement()
2021-10-14 17:00:57  [ main:4600 ] - [ DEBUG ]  Exit: Call::invoke(RPCElement)
2021-10-14 17:00:57  [ main:4600 ] - [ DEBUG ]  Exit: Call::invoke(ns, meth, args)
2021-10-14 17:00:57  [ main:4600 ] - [ DEBUG ]  axis.Call.invoke: 1692 WsCreateNote
2021-10-14 17:00:57  [ main:4600 ] - [ INFO ]  Respuesta de WS facturas: /app/app_interfaz/DOC1data/SV/ImprCAM_5808744.pdf
2021-10-14 17:00:57  [ main:4600 ] - [ INFO ]  OBJETO FACTURAS: 5808744
2021-10-14 17:00:57  [ main:4600 ] - [ INFO ]  Resultado de consumo: Transaccion exitosa
2021-10-14 17:00:57  [ main:4600 ] - [ INFO ]  url para update:  http://10.231.128.137/ImprCAM_5808744.pdf
2021-10-14 17:00:57  [ main:4600 ] - [ INFO ]  id procesado:  214007722
2021-10-14 17:00:57  [ main:4601 ] - [ INFO ]  Antes de obtener conexion
2021-10-14 17:00:58  [ main:5421 ] - [ INFO ]  Obtiene la conexion de forma correcta: {}
2021-10-14 17:00:58  [ main:5422 ] - [ INFO ]  query del update: update tcg_nc_header set URL = ? where TCGNCID  = ? 
2021-10-14 17:00:58  [ main:5562 ] - [ INFO ]  cierra conexion en metodo finaliza conexion.
2021-10-14 17:00:58  [ main:5563 ] - [ INFO ]  ********************* FINALIZA PROCESO ***********************
2021-10-14 17:11:06  [ main:0 ] - [ INFO ]  ********************* INICIA PROCESO ***********************
2021-10-14 17:11:06  [ main:8 ] - [ INFO ]  Ingresa a constructor de ProcesoFacturasController
2021-10-14 17:11:06  [ main:10 ] - [ INFO ]  Ingresa a constructor de ProcesoFacturasDao
2021-10-14 17:11:06  [ main:10 ] - [ DEBUG ]  Antes de obtener la lista en metodo obtenerFacturasVantive
2021-10-14 17:11:06  [ main:10 ] - [ INFO ]  Antes de ejecutar statement obtenerFacturasVantive
2021-10-14 17:11:06  [ main:13 ] - [ INFO ]  Antes de obtener conexion
2021-10-14 17:11:08  [ main:1122 ] - [ INFO ]  Obtiene la conexion de forma correcta: {}
2021-10-14 17:11:08  [ main:1186 ] - [ INFO ]   SELECT bill_ref_no, tcgncid, url FROM WS_DOC1_NC_HEADER_VW where bill_ref_no  >= (SELECT TO_NUMBER(VALOR) FROM TC_MIGRACION_PARAMETROS WHERE PARAMETRO = 'TCNCHEADERID' ) and ind_provision = 1 AND url is null 
2021-10-14 17:11:08  [ main:1272 ] - [ INFO ]  se obtiene valor del campo bill_ref_no: BILL_REF_NO
2021-10-14 17:11:08  [ main:1272 ] - [ INFO ]  Statement obtiene resultados obtenerFacturasVantive
2021-10-14 17:11:08  [ main:1273 ] - [ INFO ]  cierra statement en metodo finaliza conexion.
2021-10-14 17:11:08  [ main:1353 ] - [ INFO ]  cierra conexion en metodo finaliza conexion.
2021-10-14 17:11:08  [ main:1354 ] - [ INFO ]  se manda a llamar el metodo de finaliza conexion en obtenerFacturasVantive
2021-10-14 17:11:08  [ main:1354 ] - [ INFO ]  Obtiene lista de vista => 1
2021-10-14 17:11:08  [ main:1354 ] - [ INFO ]  Antes de obtener conexion
2021-10-14 17:11:09  [ main:2125 ] - [ INFO ]  Obtiene la conexion de forma correcta: {}
2021-10-14 17:11:09  [ main:2268 ] - [ INFO ]  cierra conexion en metodo finaliza conexion.
2021-10-14 17:11:09  [ main:2269 ] - [ INFO ]  se manda a llamar el metodo de finaliza conexion en obtenerParametrosWS
2021-10-14 17:11:09  [ main:2399 ] - [ DEBUG ]  getBundle(org.apache.axis,org.apache.axis.i18n,resource,null,...)
2021-10-14 17:11:09  [ main:2412 ] - [ DEBUG ]  loadBundle: Ignoring MissingResourceException: Can't find bundle for base name org.apache.axis.resource, locale es_SV
2021-10-14 17:11:09  [ main:2412 ] - [ DEBUG ]  Created org.apache.axis.i18n.resource, linked to parent null
2021-10-14 17:11:09  [ main:2414 ] - [ DEBUG ]  getBundle(org.apache.axis,org.apache.axis.utils,resource,null,...)
2021-10-14 17:11:09  [ main:2417 ] - [ DEBUG ]  loadBundle: Ignoring MissingResourceException: Can't find bundle for base name org.apache.axis.utils.resource, locale es_SV
2021-10-14 17:11:09  [ main:2418 ] - [ DEBUG ]  loadBundle: Ignoring MissingResourceException: Can't find bundle for base name org.apache.axis.resource, locale es_SV
2021-10-14 17:11:09  [ main:2419 ] - [ DEBUG ]  Root package not found, cross link to org.apache.axis.i18n.resource
2021-10-14 17:11:09  [ main:2419 ] - [ DEBUG ]  Root package not found, cross link to org.apache.axis.i18n.resource
2021-10-14 17:11:09  [ main:2420 ] - [ DEBUG ]  org.apache.axis.i18n.resource::handleGetObject(engineConfigLoadFactory)
2021-10-14 17:11:09  [ main:2423 ] - [ DEBUG ]  Factory org.apache.axis.configuration.EngineConfigurationFactoryServlet Ignored: unable to load/resolve class.
2021-10-14 17:11:09  [ main:2424 ] - [ DEBUG ]  org.apache.axis.i18n.resource::handleGetObject(engineFactory)
2021-10-14 17:11:09  [ main:2427 ] - [ DEBUG ]  Got EngineFactory: org.apache.axis.configuration.EngineConfigurationFactoryDefault
2021-10-14 17:11:09  [ main:2432 ] - [ DEBUG ]  Enter: AxisEngine::init
2021-10-14 17:11:09  [ main:2546 ] - [ DEBUG ]  org.apache.axis.i18n.resource::handleGetObject(attachEnabled)
2021-10-14 17:11:09  [ main:2547 ] - [ DEBUG ]  Attachment support is enabled?  false
2021-10-14 17:11:09  [ main:2547 ] - [ DEBUG ]  org.apache.axis.i18n.resource::handleGetObject(attachDisabled)
2021-10-14 17:11:09  [ main:2547 ] - [ WARN ]  Unable to find required classes (javax.activation.DataHandler and javax.mail.internet.MimeMultipart). Attachment support is disabled.
2021-10-14 17:11:09  [ main:2559 ] - [ DEBUG ]  org.apache.axis.i18n.resource::handleGetObject(oddDigits00)
2021-10-14 17:11:09  [ main:2560 ] - [ DEBUG ]  org.apache.axis.i18n.resource::handleGetObject(badChars01)
2021-10-14 17:11:09  [ main:2637 ] - [ DEBUG ]  Exit: AxisEngine::init
2021-10-14 17:11:09  [ main:2659 ] - [ DEBUG ]  @1e0f9063 added parameter >name:       {http://www.qit.com/wsdoc1/intf/client}WsCreateBillRequest
typeEntry:  null
mode:       IN
position:   0
isReturn:   false
typeQName:  {http://www.qit.com/wsdoc1/intf/client}>WsCreateBillRequest
javaType:   class com.qit.www.wsdoc1.intf.client.WsCreateBillRequest
inHeader:   false
outHeader:  false
@53bd8fca<total parameters:1
2021-10-14 17:11:09  [ main:2659 ] - [ DEBUG ]  @1e0f9063setReturnType({http://www.qit.com/wsdoc1/intf/client}>WsCreateBillResponse)
2021-10-14 17:11:09  [ main:2669 ] - [ DEBUG ]  @49d3c823 added parameter >name:       {http://www.qit.com/wsdoc1/intf/client}WsCreateNoteRequest
typeEntry:  null
mode:       IN
position:   0
isReturn:   false
typeQName:  {http://www.qit.com/wsdoc1/intf/client}>WsCreateNoteRequest
javaType:   class com.qit.www.wsdoc1.intf.client.WsCreateNoteRequest
inHeader:   false
outHeader:  false
@436bc36<total parameters:1
2021-10-14 17:11:09  [ main:2670 ] - [ DEBUG ]  @49d3c823setReturnType({http://www.qit.com/wsdoc1/intf/client}>WsCreateNoteResponse)
2021-10-14 17:11:09  [ main:2675 ] - [ INFO ]  Parametro request: 5808744
2021-10-14 17:11:09  [ main:2729 ] - [ DEBUG ]  org.apache.axis.i18n.resource::handleGetObject(transport00)
2021-10-14 17:11:09  [ main:2729 ] - [ DEBUG ]  Transport is org.apache.axis.transport.http.HTTPTransport@56113384
2021-10-14 17:11:09  [ main:2734 ] - [ DEBUG ]  Enter: Call::invoke(ns, meth, args)
2021-10-14 17:11:09  [ main:2740 ] - [ DEBUG ]  operation=name:        WsCreateNote
returnQName: {http://www.qit.com/wsdoc1/intf/client}WsCreateNoteResponse
returnType:  {http://www.qit.com/wsdoc1/intf/client}>WsCreateNoteResponse
returnClass: class com.qit.www.wsdoc1.intf.client.WsCreateNoteResponse
elementQName:null
soapAction:  null
style:       document
use:         literal
numInParams: 1
method:null
 ParameterDesc[0]:
  name:       {http://www.qit.com/wsdoc1/intf/client}WsCreateNoteRequest
  typeEntry:  null
  mode:       IN
  position:   0
  isReturn:   false
  typeQName:  {http://www.qit.com/wsdoc1/intf/client}>WsCreateNoteRequest
  javaType:   class com.qit.www.wsdoc1.intf.client.WsCreateNoteRequest
  inHeader:   false
  outHeader:  false


2021-10-14 17:11:09  [ main:2741 ] - [ DEBUG ]  operation.getNumParams()=1
2021-10-14 17:11:09  [ main:2741 ] - [ DEBUG ]  getParamList number of params: 1
2021-10-14 17:11:09  [ main:2745 ] - [ DEBUG ]  Enter: Call::invoke(RPCElement)
2021-10-14 17:11:09  [ main:2753 ] - [ DEBUG ]  org.apache.axis.i18n.resource::handleGetObject(attachEnabled)
2021-10-14 17:11:09  [ main:2754 ] - [ DEBUG ]  Attachment support is enabled?  false
2021-10-14 17:11:09  [ main:2759 ] - [ DEBUG ]  Enter: SOAPPart ctor(FORM_SOAPENVELOPE)
2021-10-14 17:11:09  [ main:2759 ] - [ DEBUG ]  org.apache.axis.i18n.resource::handleGetObject(setMsgForm)
2021-10-14 17:11:09  [ main:2760 ] - [ DEBUG ]  Setting current message form to: FORM_SOAPENVELOPE (currentMessage is now org.apache.axis.message.SOAPEnvelope)
2021-10-14 17:11:09  [ main:2760 ] - [ DEBUG ]  Exit: SOAPPart ctor()
2021-10-14 17:11:09  [ main:2760 ] - [ DEBUG ]  org.apache.axis.i18n.resource::handleGetObject(addBody00)
2021-10-14 17:11:09  [ main:2760 ] - [ DEBUG ]  Adding body element to message...
2021-10-14 17:11:09  [ main:2760 ] - [ DEBUG ]  Enter: Call::invoke()
2021-10-14 17:11:09  [ main:2760 ] - [ DEBUG ]  Enter: SOAPPart::getAsSOAPEnvelope()
2021-10-14 17:11:09  [ main:2760 ] - [ DEBUG ]  org.apache.axis.i18n.resource::handleGetObject(currForm)
2021-10-14 17:11:09  [ main:2761 ] - [ DEBUG ]  current form is FORM_SOAPENVELOPE
2021-10-14 17:11:09  [ main:2761 ] - [ DEBUG ]  MessageContext: setTargetService()
2021-10-14 17:11:09  [ main:2761 ] - [ DEBUG ]  org.apache.axis.i18n.resource::handleGetObject(noService10)
2021-10-14 17:11:09  [ main:2762 ] - [ DEBUG ]  Exception: 
org.apache.axis.ConfigurationException: No service named  is available
org.apache.axis.ConfigurationException: No service named  is available
	at org.apache.axis.configuration.FileProvider.getService(FileProvider.java:233)
	at org.apache.axis.AxisEngine.getService(AxisEngine.java:311)
	at org.apache.axis.MessageContext.setTargetService(MessageContext.java:756)
	at org.apache.axis.client.Call.invoke(Call.java:2708)
	at org.apache.axis.client.Call.invoke(Call.java:2443)
	at org.apache.axis.client.Call.invoke(Call.java:2366)
	at org.apache.axis.client.Call.invoke(Call.java:1812)
	at com.qit.www.wsdoc1.intf.client.WsDoc1Soap11Stub.wsCreateNote(WsDoc1Soap11Stub.java:223)
	at com.qitcorp.controller.ProcesoFacturasController.requestWsFacturasVantive(ProcesoFacturasController.java:85)
	at com.qitcorp.controller.ProcesoFacturasController.startProcessFactura(ProcesoFacturasController.java:47)
	at com.qitcorp.main.StartProcess.main(StartProcess.java:17)

	at org.apache.axis.configuration.FileProvider.getService(FileProvider.java:233)
	at org.apache.axis.AxisEngine.getService(AxisEngine.java:311)
	at org.apache.axis.MessageContext.setTargetService(MessageContext.java:756)
	at org.apache.axis.client.Call.invoke(Call.java:2708)
	at org.apache.axis.client.Call.invoke(Call.java:2443)
	at org.apache.axis.client.Call.invoke(Call.java:2366)
	at org.apache.axis.client.Call.invoke(Call.java:1812)
	at com.qit.www.wsdoc1.intf.client.WsDoc1Soap11Stub.wsCreateNote(WsDoc1Soap11Stub.java:223)
	at com.qitcorp.controller.ProcesoFacturasController.requestWsFacturasVantive(ProcesoFacturasController.java:85)
	at com.qitcorp.controller.ProcesoFacturasController.startProcessFactura(ProcesoFacturasController.java:47)
	at com.qitcorp.main.StartProcess.main(StartProcess.java:17)
2021-10-14 17:11:09  [ main:2763 ] - [ DEBUG ]  MessageContext: setServiceHandler(null)
2021-10-14 17:11:09  [ main:2764 ] - [ DEBUG ]  org.apache.axis.i18n.resource::handleGetObject(targetService)
2021-10-14 17:11:09  [ main:2764 ] - [ DEBUG ]  Target service:  
2021-10-14 17:11:09  [ main:2764 ] - [ DEBUG ]  MessageContext: setTargetService()
2021-10-14 17:11:09  [ main:2764 ] - [ DEBUG ]  org.apache.axis.i18n.resource::handleGetObject(noService10)
2021-10-14 17:11:09  [ main:2764 ] - [ DEBUG ]  Exception: 
org.apache.axis.ConfigurationException: No service named  is available
org.apache.axis.ConfigurationException: No service named  is available
	at org.apache.axis.configuration.FileProvider.getService(FileProvider.java:233)
	at org.apache.axis.AxisEngine.getService(AxisEngine.java:311)
	at org.apache.axis.MessageContext.setTargetService(MessageContext.java:756)
	at org.apache.axis.transport.http.HTTPTransport.setupMessageContextImpl(HTTPTransport.java:89)
	at org.apache.axis.client.Transport.setupMessageContext(Transport.java:46)
	at org.apache.axis.client.Call.invoke(Call.java:2738)
	at org.apache.axis.client.Call.invoke(Call.java:2443)
	at org.apache.axis.client.Call.invoke(Call.java:2366)
	at org.apache.axis.client.Call.invoke(Call.java:1812)
	at com.qit.www.wsdoc1.intf.client.WsDoc1Soap11Stub.wsCreateNote(WsDoc1Soap11Stub.java:223)
	at com.qitcorp.controller.ProcesoFacturasController.requestWsFacturasVantive(ProcesoFacturasController.java:85)
	at com.qitcorp.controller.ProcesoFacturasController.startProcessFactura(ProcesoFacturasController.java:47)
	at com.qitcorp.main.StartProcess.main(StartProcess.java:17)

	at org.apache.axis.configuration.FileProvider.getService(FileProvider.java:233)
	at org.apache.axis.AxisEngine.getService(AxisEngine.java:311)
	at org.apache.axis.MessageContext.setTargetService(MessageContext.java:756)
	at org.apache.axis.transport.http.HTTPTransport.setupMessageContextImpl(HTTPTransport.java:89)
	at org.apache.axis.client.Transport.setupMessageContext(Transport.java:46)
	at org.apache.axis.client.Call.invoke(Call.java:2738)
	at org.apache.axis.client.Call.invoke(Call.java:2443)
	at org.apache.axis.client.Call.invoke(Call.java:2366)
	at org.apache.axis.client.Call.invoke(Call.java:1812)
	at com.qit.www.wsdoc1.intf.client.WsDoc1Soap11Stub.wsCreateNote(WsDoc1Soap11Stub.java:223)
	at com.qitcorp.controller.ProcesoFacturasController.requestWsFacturasVantive(ProcesoFacturasController.java:85)
	at com.qitcorp.controller.ProcesoFacturasController.startProcessFactura(ProcesoFacturasController.java:47)
	at com.qitcorp.main.StartProcess.main(StartProcess.java:17)
2021-10-14 17:11:09  [ main:2765 ] - [ DEBUG ]  MessageContext: setServiceHandler(null)
2021-10-14 17:11:09  [ main:2768 ] - [ DEBUG ]  Enter: SOAPPart::getAsSOAPEnvelope()
2021-10-14 17:11:09  [ main:2769 ] - [ DEBUG ]  org.apache.axis.i18n.resource::handleGetObject(currForm)
2021-10-14 17:11:09  [ main:2769 ] - [ DEBUG ]  current form is FORM_SOAPENVELOPE
2021-10-14 17:11:09  [ main:2769 ] - [ DEBUG ]  org.apache.axis.i18n.resource::handleGetObject(register00)
2021-10-14 17:11:09  [ main:2769 ] - [ DEBUG ]  register 'soapenv' - 'http://schemas.xmlsoap.org/soap/envelope/'
2021-10-14 17:11:09  [ main:2769 ] - [ DEBUG ]  org.apache.axis.i18n.resource::handleGetObject(register00)
2021-10-14 17:11:09  [ main:2769 ] - [ DEBUG ]  register 'soapenv' - 'http://schemas.xmlsoap.org/soap/envelope/'
2021-10-14 17:11:09  [ main:2769 ] - [ DEBUG ]  org.apache.axis.i18n.resource::handleGetObject(register00)
2021-10-14 17:11:09  [ main:2770 ] - [ DEBUG ]  register 'xsd' - 'http://www.w3.org/2001/XMLSchema'
2021-10-14 17:11:09  [ main:2770 ] - [ DEBUG ]  org.apache.axis.i18n.resource::handleGetObject(register00)
2021-10-14 17:11:09  [ main:2770 ] - [ DEBUG ]  register 'xsi' - 'http://www.w3.org/2001/XMLSchema-instance'
2021-10-14 17:11:09  [ main:2770 ] - [ DEBUG ]  org.apache.axis.i18n.resource::handleGetObject(startElem00)
2021-10-14 17:11:09  [ main:2770 ] - [ DEBUG ]  Start element [http://schemas.xmlsoap.org/soap/envelope/]:Envelope
2021-10-14 17:11:09  [ main:2773 ] - [ DEBUG ]  org.apache.axis.i18n.resource::handleGetObject(startElem00)
2021-10-14 17:11:09  [ main:2773 ] - [ DEBUG ]  Start element [http://schemas.xmlsoap.org/soap/envelope/]:Body
2021-10-14 17:11:09  [ main:2773 ] - [ DEBUG ]  org.apache.axis.i18n.resource::handleGetObject(register00)
2021-10-14 17:11:09  [ main:2773 ] - [ DEBUG ]  register '' - 'http://www.qit.com/wsdoc1/intf/client'
2021-10-14 17:11:09  [ main:2774 ] - [ DEBUG ]  org.apache.axis.i18n.resource::handleGetObject(startElem00)
2021-10-14 17:11:09  [ main:2774 ] - [ DEBUG ]  Start element [http://www.qit.com/wsdoc1/intf/client]:WsCreateNoteRequest
2021-10-14 17:11:09  [ main:2778 ] - [ DEBUG ]  org.apache.axis.i18n.resource::handleGetObject(startElem00)
2021-10-14 17:11:09  [ main:2778 ] - [ DEBUG ]  Start element [http://www.qit.com/wsdoc1/intf/client]:bill_ref_no
2021-10-14 17:11:09  [ main:2780 ] - [ DEBUG ]  org.apache.axis.i18n.resource::handleGetObject(endElem00)
2021-10-14 17:11:09  [ main:2781 ] - [ DEBUG ]  End element bill_ref_no
2021-10-14 17:11:09  [ main:2781 ] - [ DEBUG ]  org.apache.axis.i18n.resource::handleGetObject(endElem00)
2021-10-14 17:11:09  [ main:2781 ] - [ DEBUG ]  End element WsCreateNoteRequest
2021-10-14 17:11:09  [ main:2781 ] - [ DEBUG ]  org.apache.axis.i18n.resource::handleGetObject(endElem00)
2021-10-14 17:11:09  [ main:2781 ] - [ DEBUG ]  End element soapenv:Body
2021-10-14 17:11:09  [ main:2782 ] - [ DEBUG ]  org.apache.axis.i18n.resource::handleGetObject(endElem00)
2021-10-14 17:11:09  [ main:2782 ] - [ DEBUG ]  End element soapenv:Envelope
2021-10-14 17:11:09  [ main:2782 ] - [ DEBUG ]  <?xml version="1.0" encoding="UTF-8"?><soapenv:Envelope xmlns:soapenv="http://schemas.xmlsoap.org/soap/envelope/" xmlns:xsd="http://www.w3.org/2001/XMLSchema" xmlns:xsi="http://www.w3.org/2001/XMLSchema-instance"><soapenv:Body><WsCreateNoteRequest xmlns="http://www.qit.com/wsdoc1/intf/client"><bill_ref_no>5808744</bill_ref_no></WsCreateNoteRequest></soapenv:Body></soapenv:Envelope>
2021-10-14 17:11:09  [ main:2782 ] - [ DEBUG ]  Enter: AxisClient::invoke
2021-10-14 17:11:09  [ main:2782 ] - [ DEBUG ]  EngineHandler: null
2021-10-14 17:11:09  [ main:2785 ] - [ DEBUG ]  org.apache.axis.i18n.resource::handleGetObject(axisUserAgent)
2021-10-14 17:11:09  [ main:2787 ] - [ DEBUG ]  Enter: SimpleChain::invoke
2021-10-14 17:11:09  [ main:2787 ] - [ DEBUG ]  org.apache.axis.i18n.resource::handleGetObject(enter00)
2021-10-14 17:11:09  [ main:2788 ] - [ DEBUG ]  Enter:  HTTPSender::invoke
2021-10-14 17:11:09  [ main:2788 ] - [ DEBUG ]  Enter: SOAPPart::saveChanges
2021-10-14 17:11:09  [ main:2791 ] - [ DEBUG ]  org.apache.axis.i18n.resource::handleGetObject(register00)
2021-10-14 17:11:09  [ main:2791 ] - [ DEBUG ]  register 'soapenv' - 'http://schemas.xmlsoap.org/soap/envelope/'
2021-10-14 17:11:09  [ main:2791 ] - [ DEBUG ]  org.apache.axis.i18n.resource::handleGetObject(register00)
2021-10-14 17:11:09  [ main:2791 ] - [ DEBUG ]  register 'soapenv' - 'http://schemas.xmlsoap.org/soap/envelope/'
2021-10-14 17:11:09  [ main:2791 ] - [ DEBUG ]  org.apache.axis.i18n.resource::handleGetObject(register00)
2021-10-14 17:11:09  [ main:2791 ] - [ DEBUG ]  register 'xsd' - 'http://www.w3.org/2001/XMLSchema'
2021-10-14 17:11:09  [ main:2792 ] - [ DEBUG ]  org.apache.axis.i18n.resource::handleGetObject(register00)
2021-10-14 17:11:09  [ main:2792 ] - [ DEBUG ]  register 'xsi' - 'http://www.w3.org/2001/XMLSchema-instance'
2021-10-14 17:11:09  [ main:2792 ] - [ DEBUG ]  org.apache.axis.i18n.resource::handleGetObject(startElem00)
2021-10-14 17:11:09  [ main:2792 ] - [ DEBUG ]  Start element [http://schemas.xmlsoap.org/soap/envelope/]:Envelope
2021-10-14 17:11:09  [ main:2792 ] - [ DEBUG ]  org.apache.axis.i18n.resource::handleGetObject(startElem00)
2021-10-14 17:11:09  [ main:2792 ] - [ DEBUG ]  Start element [http://schemas.xmlsoap.org/soap/envelope/]:Body
2021-10-14 17:11:09  [ main:2792 ] - [ DEBUG ]  org.apache.axis.i18n.resource::handleGetObject(register00)
2021-10-14 17:11:09  [ main:2792 ] - [ DEBUG ]  register '' - 'http://www.qit.com/wsdoc1/intf/client'
2021-10-14 17:11:09  [ main:2793 ] - [ DEBUG ]  org.apache.axis.i18n.resource::handleGetObject(startElem00)
2021-10-14 17:11:09  [ main:2793 ] - [ DEBUG ]  Start element [http://www.qit.com/wsdoc1/intf/client]:WsCreateNoteRequest
2021-10-14 17:11:09  [ main:2793 ] - [ DEBUG ]  org.apache.axis.i18n.resource::handleGetObject(startElem00)
2021-10-14 17:11:09  [ main:2793 ] - [ DEBUG ]  Start element [http://www.qit.com/wsdoc1/intf/client]:bill_ref_no
2021-10-14 17:11:09  [ main:2793 ] - [ DEBUG ]  org.apache.axis.i18n.resource::handleGetObject(endElem00)
2021-10-14 17:11:09  [ main:2793 ] - [ DEBUG ]  End element bill_ref_no
2021-10-14 17:11:09  [ main:2793 ] - [ DEBUG ]  org.apache.axis.i18n.resource::handleGetObject(endElem00)
2021-10-14 17:11:09  [ main:2794 ] - [ DEBUG ]  End element WsCreateNoteRequest
2021-10-14 17:11:09  [ main:2794 ] - [ DEBUG ]  org.apache.axis.i18n.resource::handleGetObject(endElem00)
2021-10-14 17:11:09  [ main:2794 ] - [ DEBUG ]  End element soapenv:Body
2021-10-14 17:11:09  [ main:2794 ] - [ DEBUG ]  org.apache.axis.i18n.resource::handleGetObject(endElem00)
2021-10-14 17:11:09  [ main:2794 ] - [ DEBUG ]  End element soapenv:Envelope
2021-10-14 17:11:09  [ main:2794 ] - [ DEBUG ]  org.apache.axis.i18n.resource::handleGetObject(setMsgForm)
2021-10-14 17:11:09  [ main:2794 ] - [ DEBUG ]  Setting current message form to: FORM_OPTIMIZED (currentMessage is now org.apache.axis.utils.ByteArray)
2021-10-14 17:11:09  [ main:2794 ] - [ DEBUG ]  Exit: SOAPPart::saveChanges(): org.apache.axis.utils.ByteArray@2cc3ad05
2021-10-14 17:11:09  [ main:2880 ] - [ DEBUG ]  org.apache.axis.i18n.resource::handleGetObject(createdHTTP00)
2021-10-14 17:11:09  [ main:2881 ] - [ DEBUG ]  Created an insecure HTTP connection
2021-10-14 17:11:09  [ main:2881 ] - [ DEBUG ]  org.apache.axis.i18n.resource::handleGetObject(xmlSent00)
2021-10-14 17:11:09  [ main:2881 ] - [ DEBUG ]  XML sent:
2021-10-14 17:11:09  [ main:2881 ] - [ DEBUG ]  ---------------------------------------------------
2021-10-14 17:11:09  [ main:2883 ] - [ DEBUG ]  POST /wsdoc1/ HTTP/1.0
Content-Type: text/xml; charset=utf-8
Accept: application/soap+xml, application/dime, multipart/related, text/*
User-Agent: Axis/1.4
Host: 10.231.128.139:7003
Cache-Control: no-cache
Pragma: no-cache
SOAPAction: ""
Content-Length: 384

<?xml version="1.0" encoding="UTF-8"?><soapenv:Envelope xmlns:soapenv="http://schemas.xmlsoap.org/soap/envelope/" xmlns:xsd="http://www.w3.org/2001/XMLSchema" xmlns:xsi="http://www.w3.org/2001/XMLSchema-instance"><soapenv:Body><WsCreateNoteRequest xmlns="http://www.qit.com/wsdoc1/intf/client"><bill_ref_no>5808744</bill_ref_no></WsCreateNoteRequest></soapenv:Body></soapenv:Envelope>
2021-10-14 17:11:11  [ main:4714 ] - [ DEBUG ]  HTTP/1.1 200 OK
2021-10-14 17:11:11  [ main:4714 ] - [ DEBUG ]  Connection close
2021-10-14 17:11:11  [ main:4715 ] - [ DEBUG ]  Date Thu, 14 Oct 2021 23:10:58 GMT
2021-10-14 17:11:11  [ main:4715 ] - [ DEBUG ]  Content-Length 316
2021-10-14 17:11:11  [ main:4715 ] - [ DEBUG ]  Content-Type text/xml; charset=UTF-8
2021-10-14 17:11:11  [ main:4715 ] - [ DEBUG ]  SOAPAction ""
2021-10-14 17:11:11  [ main:4715 ] - [ DEBUG ]  Accept text/xml
2021-10-14 17:11:11  [ main:4716 ] - [ DEBUG ]  Enter: SOAPPart ctor(FORM_INPUTSTREAM)
2021-10-14 17:11:11  [ main:4716 ] - [ DEBUG ]  org.apache.axis.i18n.resource::handleGetObject(setMsgForm)
2021-10-14 17:11:11  [ main:4716 ] - [ DEBUG ]  Setting current message form to: FORM_INPUTSTREAM (currentMessage is now org.apache.axis.transport.http.SocketInputStream)
2021-10-14 17:11:11  [ main:4716 ] - [ DEBUG ]  Exit: SOAPPart ctor()
2021-10-14 17:11:11  [ main:4716 ] - [ DEBUG ]  org.apache.axis.i18n.resource::handleGetObject(xmlRecd00)
2021-10-14 17:11:11  [ main:4717 ] - [ DEBUG ]  
XML received:
2021-10-14 17:11:11  [ main:4717 ] - [ DEBUG ]  -----------------------------------------------
2021-10-14 17:11:11  [ main:4717 ] - [ DEBUG ]  Enter: SOAPPart::getAsSOAPEnvelope()
2021-10-14 17:11:11  [ main:4717 ] - [ DEBUG ]  org.apache.axis.i18n.resource::handleGetObject(currForm)
2021-10-14 17:11:11  [ main:4717 ] - [ DEBUG ]  current form is FORM_INPUTSTREAM
2021-10-14 17:11:11  [ main:4721 ] - [ DEBUG ]  org.apache.axis.i18n.resource::handleGetObject(pushHandler00)
2021-10-14 17:11:11  [ main:4722 ] - [ DEBUG ]  Pushing handler org.apache.axis.message.EnvelopeHandler@52d239ba
2021-10-14 17:11:11  [ main:4725 ] - [ DEBUG ]  Enter: DeserializationContext::startPrefixMapping(env, http://schemas.xmlsoap.org/soap/envelope/)
2021-10-14 17:11:11  [ main:4725 ] - [ DEBUG ]  Exit: DeserializationContext::startPrefixMapping()
2021-10-14 17:11:11  [ main:4725 ] - [ DEBUG ]  Enter: DeserializationContext::startElement(http://schemas.xmlsoap.org/soap/envelope/, Envelope)
2021-10-14 17:11:11  [ main:4725 ] - [ DEBUG ]  org.apache.axis.i18n.resource::handleGetObject(pushHandler00)
2021-10-14 17:11:11  [ main:4725 ] - [ DEBUG ]  Pushing handler org.apache.axis.message.EnvelopeBuilder@485e36bc
2021-10-14 17:11:11  [ main:4725 ] - [ DEBUG ]  Pushing element Envelope
2021-10-14 17:11:11  [ main:4725 ] - [ DEBUG ]  Exit: DeserializationContext::startElement()
2021-10-14 17:11:11  [ main:4726 ] - [ DEBUG ]  Enter: DeserializationContext::startElement(http://schemas.xmlsoap.org/soap/envelope/, Header)
2021-10-14 17:11:11  [ main:4726 ] - [ DEBUG ]  org.apache.axis.i18n.resource::handleGetObject(pushHandler00)
2021-10-14 17:11:11  [ main:4726 ] - [ DEBUG ]  Pushing handler org.apache.axis.message.HeaderBuilder@2a79d4b1
2021-10-14 17:11:11  [ main:4726 ] - [ DEBUG ]  org.apache.axis.i18n.resource::handleGetObject(newElem00)
2021-10-14 17:11:11  [ main:4726 ] - [ DEBUG ]  New MessageElement (org.apache.axis.message.SOAPHeader@2e9fda69) named {env}Header
2021-10-14 17:11:11  [ main:4726 ] - [ DEBUG ]  Pushing element Header
2021-10-14 17:11:11  [ main:4726 ] - [ DEBUG ]  Exit: DeserializationContext::startElement()
2021-10-14 17:11:11  [ main:4726 ] - [ DEBUG ]  Enter: DeserializationContext::endElement(http://schemas.xmlsoap.org/soap/envelope/, Header)
2021-10-14 17:11:11  [ main:4727 ] - [ DEBUG ]  org.apache.axis.i18n.resource::handleGetObject(popHandler00)
2021-10-14 17:11:11  [ main:4727 ] - [ DEBUG ]  Popping handler org.apache.axis.message.HeaderBuilder@2a79d4b1
2021-10-14 17:11:11  [ main:4727 ] - [ DEBUG ]  Popped element stack to org.apache.axis.message.SOAPEnvelope:Envelope
2021-10-14 17:11:11  [ main:4727 ] - [ DEBUG ]  Exit: DeserializationContext::endElement()
2021-10-14 17:11:11  [ main:4727 ] - [ DEBUG ]  Enter: DeserializationContext::startElement(http://schemas.xmlsoap.org/soap/envelope/, Body)
2021-10-14 17:11:11  [ main:4728 ] - [ DEBUG ]  org.apache.axis.i18n.resource::handleGetObject(pushHandler00)
2021-10-14 17:11:11  [ main:4728 ] - [ DEBUG ]  Pushing handler org.apache.axis.message.BodyBuilder@2371aaca
2021-10-14 17:11:11  [ main:4728 ] - [ DEBUG ]  org.apache.axis.i18n.resource::handleGetObject(newElem00)
2021-10-14 17:11:11  [ main:4729 ] - [ DEBUG ]  New MessageElement (org.apache.axis.message.SOAPBody@5b529706) named {env}Body
2021-10-14 17:11:11  [ main:4729 ] - [ DEBUG ]  Pushing element Body
2021-10-14 17:11:11  [ main:4729 ] - [ DEBUG ]  Exit: DeserializationContext::startElement()
2021-10-14 17:11:11  [ main:4729 ] - [ DEBUG ]  Enter: DeserializationContext::startPrefixMapping(, http://www.qit.com/wsdoc1/intf/client)
2021-10-14 17:11:11  [ main:4729 ] - [ DEBUG ]  Exit: DeserializationContext::startPrefixMapping()
2021-10-14 17:11:11  [ main:4729 ] - [ DEBUG ]  Enter: DeserializationContext::startElement(http://www.qit.com/wsdoc1/intf/client, WsCreateNoteResponse)
2021-10-14 17:11:11  [ main:4730 ] - [ DEBUG ]  Enter: BodyBuilder::onStartChild()
2021-10-14 17:11:11  [ main:4730 ] - [ DEBUG ]  org.apache.axis.i18n.resource::handleGetObject(newElem00)
2021-10-14 17:11:11  [ main:4730 ] - [ DEBUG ]  New MessageElement (org.apache.axis.message.RPCElement@63fdab07) named {}WsCreateNoteResponse
2021-10-14 17:11:11  [ main:4730 ] - [ DEBUG ]  Exit: BodyBuilder::onStartChild()
2021-10-14 17:11:11  [ main:4730 ] - [ DEBUG ]  org.apache.axis.i18n.resource::handleGetObject(pushHandler00)
2021-10-14 17:11:11  [ main:4730 ] - [ DEBUG ]  Pushing handler org.apache.axis.message.SOAPHandler@7b5a12ae
2021-10-14 17:11:11  [ main:4730 ] - [ DEBUG ]  Pushing element WsCreateNoteResponse
2021-10-14 17:11:11  [ main:4730 ] - [ DEBUG ]  Exit: DeserializationContext::startElement()
2021-10-14 17:11:11  [ main:4730 ] - [ DEBUG ]  Enter: DeserializationContext::startElement(http://www.qit.com/wsdoc1/intf/client, mensaje)
2021-10-14 17:11:11  [ main:4730 ] - [ DEBUG ]  org.apache.axis.i18n.resource::handleGetObject(pushHandler00)
2021-10-14 17:11:11  [ main:4730 ] - [ DEBUG ]  Pushing handler org.apache.axis.message.SOAPHandler@5553d0f5
2021-10-14 17:11:11  [ main:4731 ] - [ DEBUG ]  org.apache.axis.i18n.resource::handleGetObject(newElem00)
2021-10-14 17:11:11  [ main:4731 ] - [ DEBUG ]  New MessageElement (org.apache.axis.message.MessageElement@1af687fe) named {}mensaje
2021-10-14 17:11:11  [ main:4731 ] - [ DEBUG ]  Pushing element mensaje
2021-10-14 17:11:11  [ main:4731 ] - [ DEBUG ]  Exit: DeserializationContext::startElement()
2021-10-14 17:11:11  [ main:4731 ] - [ DEBUG ]  Enter: DeserializationContext::endElement(http://www.qit.com/wsdoc1/intf/client, mensaje)
2021-10-14 17:11:11  [ main:4732 ] - [ DEBUG ]  org.apache.axis.i18n.resource::handleGetObject(popHandler00)
2021-10-14 17:11:11  [ main:4732 ] - [ DEBUG ]  Popping handler org.apache.axis.message.SOAPHandler@5553d0f5
2021-10-14 17:11:11  [ main:4733 ] - [ DEBUG ]  Popped element stack to org.apache.axis.message.RPCElement:WsCreateNoteResponse
2021-10-14 17:11:11  [ main:4733 ] - [ DEBUG ]  Exit: DeserializationContext::endElement()
2021-10-14 17:11:11  [ main:4733 ] - [ DEBUG ]  Enter: DeserializationContext::startElement(http://www.qit.com/wsdoc1/intf/client, ruta_pdf)
2021-10-14 17:11:11  [ main:4733 ] - [ DEBUG ]  org.apache.axis.i18n.resource::handleGetObject(pushHandler00)
2021-10-14 17:11:11  [ main:4733 ] - [ DEBUG ]  Pushing handler org.apache.axis.message.SOAPHandler@1506f20f
2021-10-14 17:11:11  [ main:4734 ] - [ DEBUG ]  org.apache.axis.i18n.resource::handleGetObject(newElem00)
2021-10-14 17:11:11  [ main:4734 ] - [ DEBUG ]  New MessageElement (org.apache.axis.message.MessageElement@47a5b70d) named {}ruta_pdf
2021-10-14 17:11:11  [ main:4734 ] - [ DEBUG ]  Pushing element ruta_pdf
2021-10-14 17:11:11  [ main:4734 ] - [ DEBUG ]  Exit: DeserializationContext::startElement()
2021-10-14 17:11:11  [ main:4734 ] - [ DEBUG ]  Enter: DeserializationContext::endElement(http://www.qit.com/wsdoc1/intf/client, ruta_pdf)
2021-10-14 17:11:11  [ main:4734 ] - [ DEBUG ]  org.apache.axis.i18n.resource::handleGetObject(popHandler00)
2021-10-14 17:11:11  [ main:4734 ] - [ DEBUG ]  Popping handler org.apache.axis.message.SOAPHandler@1506f20f
2021-10-14 17:11:11  [ main:4734 ] - [ DEBUG ]  Popped element stack to org.apache.axis.message.RPCElement:WsCreateNoteResponse
2021-10-14 17:11:11  [ main:4734 ] - [ DEBUG ]  Exit: DeserializationContext::endElement()
2021-10-14 17:11:11  [ main:4734 ] - [ DEBUG ]  Enter: DeserializationContext::endElement(http://www.qit.com/wsdoc1/intf/client, WsCreateNoteResponse)
2021-10-14 17:11:11  [ main:4734 ] - [ DEBUG ]  org.apache.axis.i18n.resource::handleGetObject(popHandler00)
2021-10-14 17:11:11  [ main:4735 ] - [ DEBUG ]  Popping handler org.apache.axis.message.SOAPHandler@7b5a12ae
2021-10-14 17:11:11  [ main:4735 ] - [ DEBUG ]  Popped element stack to org.apache.axis.message.SOAPBody:Body
2021-10-14 17:11:11  [ main:4735 ] - [ DEBUG ]  Exit: DeserializationContext::endElement()
2021-10-14 17:11:11  [ main:4735 ] - [ DEBUG ]  Enter: DeserializationContext::endPrefixMapping()
2021-10-14 17:11:11  [ main:4735 ] - [ DEBUG ]  Exit: DeserializationContext::endPrefixMapping()
2021-10-14 17:11:11  [ main:4735 ] - [ DEBUG ]  Enter: DeserializationContext::endElement(http://schemas.xmlsoap.org/soap/envelope/, Body)
2021-10-14 17:11:11  [ main:4735 ] - [ DEBUG ]  org.apache.axis.i18n.resource::handleGetObject(popHandler00)
2021-10-14 17:11:11  [ main:4735 ] - [ DEBUG ]  Popping handler org.apache.axis.message.BodyBuilder@2371aaca
2021-10-14 17:11:11  [ main:4736 ] - [ DEBUG ]  Popped element stack to org.apache.axis.message.SOAPEnvelope:Envelope
2021-10-14 17:11:11  [ main:4736 ] - [ DEBUG ]  Exit: DeserializationContext::endElement()
2021-10-14 17:11:11  [ main:4736 ] - [ DEBUG ]  Enter: DeserializationContext::endElement(http://schemas.xmlsoap.org/soap/envelope/, Envelope)
2021-10-14 17:11:11  [ main:4736 ] - [ DEBUG ]  org.apache.axis.i18n.resource::handleGetObject(popHandler00)
2021-10-14 17:11:11  [ main:4736 ] - [ DEBUG ]  Popping handler org.apache.axis.message.EnvelopeBuilder@485e36bc
2021-10-14 17:11:11  [ main:4736 ] - [ DEBUG ]  Popped element stack to null
2021-10-14 17:11:11  [ main:4736 ] - [ DEBUG ]  Exit: DeserializationContext::endElement()
2021-10-14 17:11:11  [ main:4736 ] - [ DEBUG ]  Enter: DeserializationContext::endPrefixMapping(env)
2021-10-14 17:11:11  [ main:4736 ] - [ DEBUG ]  Exit: DeserializationContext::endPrefixMapping()
2021-10-14 17:11:11  [ main:4737 ] - [ DEBUG ]  Enter: DeserializationContext::endDocument()
2021-10-14 17:11:11  [ main:4737 ] - [ DEBUG ]  Exit: DeserializationContext::endDocument()
2021-10-14 17:11:11  [ main:4737 ] - [ DEBUG ]  org.apache.axis.i18n.resource::handleGetObject(setMsgForm)
2021-10-14 17:11:11  [ main:4737 ] - [ DEBUG ]  Setting current message form to: FORM_SOAPENVELOPE (currentMessage is now org.apache.axis.message.SOAPEnvelope)
2021-10-14 17:11:11  [ main:4737 ] - [ DEBUG ]  Exit: SOAPPart::getAsSOAPEnvelope
2021-10-14 17:11:11  [ main:4737 ] - [ DEBUG ]  org.apache.axis.i18n.resource::handleGetObject(register00)
2021-10-14 17:11:11  [ main:4737 ] - [ DEBUG ]  register 'env' - 'http://schemas.xmlsoap.org/soap/envelope/'
2021-10-14 17:11:11  [ main:4737 ] - [ DEBUG ]  org.apache.axis.i18n.resource::handleGetObject(startElem00)
2021-10-14 17:11:11  [ main:4738 ] - [ DEBUG ]  Start element [http://schemas.xmlsoap.org/soap/envelope/]:Envelope
2021-10-14 17:11:11  [ main:4738 ] - [ DEBUG ]  org.apache.axis.i18n.resource::handleGetObject(startElem00)
2021-10-14 17:11:11  [ main:4738 ] - [ DEBUG ]  Start element [http://schemas.xmlsoap.org/soap/envelope/]:Body
2021-10-14 17:11:11  [ main:4739 ] - [ DEBUG ]  org.apache.axis.i18n.resource::handleGetObject(register00)
2021-10-14 17:11:11  [ main:4739 ] - [ DEBUG ]  register '' - 'http://www.qit.com/wsdoc1/intf/client'
2021-10-14 17:11:11  [ main:4740 ] - [ DEBUG ]  SAXOutputter.startElement ['http://www.qit.com/wsdoc1/intf/client' WsCreateNoteResponse]
2021-10-14 17:11:11  [ main:4740 ] - [ DEBUG ]  org.apache.axis.i18n.resource::handleGetObject(startElem00)
2021-10-14 17:11:11  [ main:4740 ] - [ DEBUG ]  Start element [http://www.qit.com/wsdoc1/intf/client]:WsCreateNoteResponse
2021-10-14 17:11:11  [ main:4740 ] - [ DEBUG ]  SAXOutputter.startElement ['http://www.qit.com/wsdoc1/intf/client' mensaje]
2021-10-14 17:11:11  [ main:4740 ] - [ DEBUG ]  org.apache.axis.i18n.resource::handleGetObject(startElem00)
2021-10-14 17:11:11  [ main:4740 ] - [ DEBUG ]  Start element [http://www.qit.com/wsdoc1/intf/client]:mensaje
2021-10-14 17:11:11  [ main:4740 ] - [ DEBUG ]  SAXOutputter.characters ['Transaccion exitosa']
2021-10-14 17:11:11  [ main:4740 ] - [ DEBUG ]  SAXOutputter.endElement ['http://www.qit.com/wsdoc1/intf/client' mensaje]
2021-10-14 17:11:11  [ main:4740 ] - [ DEBUG ]  org.apache.axis.i18n.resource::handleGetObject(endElem00)
2021-10-14 17:11:11  [ main:4741 ] - [ DEBUG ]  End element mensaje
2021-10-14 17:11:11  [ main:4741 ] - [ DEBUG ]  SAXOutputter.startElement ['http://www.qit.com/wsdoc1/intf/client' ruta_pdf]
2021-10-14 17:11:11  [ main:4741 ] - [ DEBUG ]  org.apache.axis.i18n.resource::handleGetObject(startElem00)
2021-10-14 17:11:11  [ main:4741 ] - [ DEBUG ]  Start element [http://www.qit.com/wsdoc1/intf/client]:ruta_pdf
2021-10-14 17:11:11  [ main:4741 ] - [ DEBUG ]  SAXOutputter.characters ['/app/app_interfaz/DOC1data/SV/ImprCAM_5808744.pdf']
2021-10-14 17:11:11  [ main:4741 ] - [ DEBUG ]  SAXOutputter.endElement ['http://www.qit.com/wsdoc1/intf/client' ruta_pdf]
2021-10-14 17:11:11  [ main:4741 ] - [ DEBUG ]  org.apache.axis.i18n.resource::handleGetObject(endElem00)
2021-10-14 17:11:11  [ main:4741 ] - [ DEBUG ]  End element ruta_pdf
2021-10-14 17:11:11  [ main:4741 ] - [ DEBUG ]  SAXOutputter.endElement ['http://www.qit.com/wsdoc1/intf/client' WsCreateNoteResponse]
2021-10-14 17:11:11  [ main:4741 ] - [ DEBUG ]  org.apache.axis.i18n.resource::handleGetObject(endElem00)
2021-10-14 17:11:11  [ main:4741 ] - [ DEBUG ]  End element WsCreateNoteResponse
2021-10-14 17:11:11  [ main:4741 ] - [ DEBUG ]  org.apache.axis.i18n.resource::handleGetObject(endElem00)
2021-10-14 17:11:11  [ main:4741 ] - [ DEBUG ]  End element env:Body
2021-10-14 17:11:11  [ main:4741 ] - [ DEBUG ]  org.apache.axis.i18n.resource::handleGetObject(endElem00)
2021-10-14 17:11:11  [ main:4742 ] - [ DEBUG ]  End element env:Envelope
2021-10-14 17:11:11  [ main:4742 ] - [ DEBUG ]  <env:Envelope xmlns:env="http://schemas.xmlsoap.org/soap/envelope/"><env:Body><WsCreateNoteResponse xmlns="http://www.qit.com/wsdoc1/intf/client"><mensaje>Transaccion exitosa</mensaje><ruta_pdf>/app/app_interfaz/DOC1data/SV/ImprCAM_5808744.pdf</ruta_pdf></WsCreateNoteResponse></env:Body></env:Envelope>
2021-10-14 17:11:11  [ main:4742 ] - [ DEBUG ]  org.apache.axis.i18n.resource::handleGetObject(exit00)
2021-10-14 17:11:11  [ main:4742 ] - [ DEBUG ]  Exit:  HTTPDispatchHandler::invoke
2021-10-14 17:11:11  [ main:4742 ] - [ DEBUG ]  Exit: SimpleChain::invoke
2021-10-14 17:11:11  [ main:4742 ] - [ DEBUG ]  org.apache.axis.i18n.resource::handleGetObject(semanticCheck00)
2021-10-14 17:11:11  [ main:4742 ] - [ DEBUG ]  Doing SOAP semantic checks...
2021-10-14 17:11:11  [ main:4742 ] - [ DEBUG ]  Enter: SOAPPart::getAsSOAPEnvelope()
2021-10-14 17:11:11  [ main:4742 ] - [ DEBUG ]  org.apache.axis.i18n.resource::handleGetObject(currForm)
2021-10-14 17:11:11  [ main:4742 ] - [ DEBUG ]  current form is FORM_SOAPENVELOPE
2021-10-14 17:11:11  [ main:4742 ] - [ DEBUG ]  Exit: AxisClient::invoke
2021-10-14 17:11:11  [ main:4742 ] - [ DEBUG ]  Enter: SOAPPart::getAsSOAPEnvelope()
2021-10-14 17:11:11  [ main:4742 ] - [ DEBUG ]  org.apache.axis.i18n.resource::handleGetObject(currForm)
2021-10-14 17:11:11  [ main:4743 ] - [ DEBUG ]  current form is FORM_SOAPENVELOPE
2021-10-14 17:11:11  [ main:4743 ] - [ DEBUG ]  Exit: Call::invoke()
2021-10-14 17:11:11  [ main:4743 ] - [ DEBUG ]  Enter: SOAPPart::getAsSOAPEnvelope()
2021-10-14 17:11:11  [ main:4743 ] - [ DEBUG ]  org.apache.axis.i18n.resource::handleGetObject(currForm)
2021-10-14 17:11:11  [ main:4743 ] - [ DEBUG ]  current form is FORM_SOAPENVELOPE
2021-10-14 17:11:11  [ main:4743 ] - [ DEBUG ]  org.apache.axis.i18n.resource::handleGetObject(pushHandler00)
2021-10-14 17:11:11  [ main:4743 ] - [ DEBUG ]  Pushing handler org.apache.axis.message.RPCHandler@6e6d5d29
2021-10-14 17:11:11  [ main:4743 ] - [ DEBUG ]  Enter: DeserializationContext::startPrefixMapping(, http://www.qit.com/wsdoc1/intf/client)
2021-10-14 17:11:11  [ main:4744 ] - [ DEBUG ]  Exit: DeserializationContext::startPrefixMapping()
2021-10-14 17:11:11  [ main:4744 ] - [ DEBUG ]  Enter: DeserializationContext::startElement(http://www.qit.com/wsdoc1/intf/client, WsCreateNoteResponse)
2021-10-14 17:11:11  [ main:4744 ] - [ DEBUG ]  Enter: RPCHandler.onStartChild()
2021-10-14 17:11:11  [ main:4744 ] - [ DEBUG ]  org.apache.axis.i18n.resource::handleGetObject(typeFromAttr00)
2021-10-14 17:11:11  [ main:4744 ] - [ DEBUG ]  Type from attributes is:  null
2021-10-14 17:11:11  [ main:4745 ] - [ DEBUG ]  Exit: RPCHandler.onStartChild()
2021-10-14 17:11:11  [ main:4745 ] - [ DEBUG ]  org.apache.axis.i18n.resource::handleGetObject(pushHandler00)
2021-10-14 17:11:11  [ main:4745 ] - [ DEBUG ]  Pushing handler org.apache.axis.encoding.ser.BeanDeserializer@b70da4c
2021-10-14 17:11:11  [ main:4745 ] - [ DEBUG ]  Exit: DeserializationContext::startElement()
2021-10-14 17:11:11  [ main:4745 ] - [ DEBUG ]  Enter: DeserializationContext::startElement(http://www.qit.com/wsdoc1/intf/client, mensaje)
2021-10-14 17:11:11  [ main:4749 ] - [ DEBUG ]  org.apache.axis.i18n.resource::handleGetObject(pushHandler00)
2021-10-14 17:11:11  [ main:4750 ] - [ DEBUG ]  Pushing handler org.apache.axis.encoding.ser.SimpleDeserializer@2a7686a7
2021-10-14 17:11:11  [ main:4750 ] - [ DEBUG ]  Exit: DeserializationContext::startElement()
2021-10-14 17:11:11  [ main:4750 ] - [ DEBUG ]  Enter: DeserializationContext::endElement(http://www.qit.com/wsdoc1/intf/client, mensaje)
2021-10-14 17:11:11  [ main:4750 ] - [ DEBUG ]  org.apache.axis.i18n.resource::handleGetObject(popHandler00)
2021-10-14 17:11:11  [ main:4750 ] - [ DEBUG ]  Popping handler org.apache.axis.encoding.ser.SimpleDeserializer@2a7686a7
2021-10-14 17:11:11  [ main:4750 ] - [ DEBUG ]  org.apache.axis.i18n.resource::handleGetObject(setValueInTarget00)
2021-10-14 17:11:11  [ main:4750 ] - [ DEBUG ]  Set value Transaccion exitosa in target org.apache.axis.encoding.ser.BeanPropertyTarget@1522d8a0
2021-10-14 17:11:11  [ main:4750 ] - [ DEBUG ]  org.apache.axis.i18n.resource::handleGetObject(setValueInTarget00)
2021-10-14 17:11:11  [ main:4750 ] - [ DEBUG ]  Set value Transaccion exitosa in target org.apache.axis.encoding.CallbackTarget@312ab28e
2021-10-14 17:11:11  [ main:4750 ] - [ DEBUG ]  Popped element stack to org.apache.axis.message.RPCElement:WsCreateNoteResponse
2021-10-14 17:11:11  [ main:4751 ] - [ DEBUG ]  Exit: DeserializationContext::endElement()
2021-10-14 17:11:11  [ main:4751 ] - [ DEBUG ]  Enter: DeserializationContext::startElement(http://www.qit.com/wsdoc1/intf/client, ruta_pdf)
2021-10-14 17:11:11  [ main:4751 ] - [ DEBUG ]  org.apache.axis.i18n.resource::handleGetObject(pushHandler00)
2021-10-14 17:11:11  [ main:4751 ] - [ DEBUG ]  Pushing handler org.apache.axis.encoding.ser.SimpleDeserializer@2a7686a7
2021-10-14 17:11:11  [ main:4751 ] - [ DEBUG ]  Exit: DeserializationContext::startElement()
2021-10-14 17:11:11  [ main:4751 ] - [ DEBUG ]  Enter: DeserializationContext::endElement(http://www.qit.com/wsdoc1/intf/client, ruta_pdf)
2021-10-14 17:11:11  [ main:4751 ] - [ DEBUG ]  org.apache.axis.i18n.resource::handleGetObject(popHandler00)
2021-10-14 17:11:11  [ main:4751 ] - [ DEBUG ]  Popping handler org.apache.axis.encoding.ser.SimpleDeserializer@2a7686a7
2021-10-14 17:11:11  [ main:4751 ] - [ DEBUG ]  org.apache.axis.i18n.resource::handleGetObject(setValueInTarget00)
2021-10-14 17:11:11  [ main:4751 ] - [ DEBUG ]  Set value /app/app_interfaz/DOC1data/SV/ImprCAM_5808744.pdf in target org.apache.axis.encoding.ser.BeanPropertyTarget@5644dc81
2021-10-14 17:11:11  [ main:4751 ] - [ DEBUG ]  org.apache.axis.i18n.resource::handleGetObject(setValueInTarget00)
2021-10-14 17:11:11  [ main:4751 ] - [ DEBUG ]  Set value /app/app_interfaz/DOC1data/SV/ImprCAM_5808744.pdf in target org.apache.axis.encoding.CallbackTarget@246f8b8b
2021-10-14 17:11:11  [ main:4751 ] - [ DEBUG ]  Popped element stack to org.apache.axis.message.RPCElement:WsCreateNoteResponse
2021-10-14 17:11:11  [ main:4751 ] - [ DEBUG ]  Exit: DeserializationContext::endElement()
2021-10-14 17:11:11  [ main:4751 ] - [ DEBUG ]  Enter: DeserializationContext::endElement(http://www.qit.com/wsdoc1/intf/client, WsCreateNoteResponse)
2021-10-14 17:11:11  [ main:4752 ] - [ DEBUG ]  org.apache.axis.i18n.resource::handleGetObject(popHandler00)
2021-10-14 17:11:11  [ main:4752 ] - [ DEBUG ]  Popping handler org.apache.axis.encoding.ser.BeanDeserializer@b70da4c
2021-10-14 17:11:11  [ main:4752 ] - [ DEBUG ]  org.apache.axis.i18n.resource::handleGetObject(setValueInTarget00)
2021-10-14 17:11:11  [ main:4752 ] - [ DEBUG ]  Set value com.qit.www.wsdoc1.intf.client.WsCreateNoteResponse@633d7318 in target org.apache.axis.message.RPCParamTarget@278bb07e
2021-10-14 17:11:11  [ main:4752 ] - [ DEBUG ]  Popped element stack to org.apache.axis.message.SOAPBody:Body
2021-10-14 17:11:11  [ main:4752 ] - [ DEBUG ]  Exit: DeserializationContext::endElement()
2021-10-14 17:11:11  [ main:4752 ] - [ DEBUG ]  Exit: Call::invoke(RPCElement)
2021-10-14 17:11:11  [ main:4752 ] - [ DEBUG ]  Exit: Call::invoke(ns, meth, args)
2021-10-14 17:11:11  [ main:4752 ] - [ DEBUG ]  axis.Call.invoke: 2018 WsCreateNote
2021-10-14 17:11:11  [ main:4752 ] - [ INFO ]  Respuesta de WS facturas: /app/app_interfaz/DOC1data/SV/ImprCAM_5808744.pdf
2021-10-14 17:11:11  [ main:4752 ] - [ INFO ]  OBJETO FACTURAS: 5808744
2021-10-14 17:11:11  [ main:4752 ] - [ INFO ]  Resultado de consumo: Transaccion exitosa
2021-10-14 17:11:11  [ main:4752 ] - [ INFO ]  url para update:  http://10.231.128.137/ImprCAM_5808744.pdf
2021-10-14 17:11:11  [ main:4752 ] - [ INFO ]  id procesado:  214007722
2021-10-14 17:11:11  [ main:4752 ] - [ INFO ]  Antes de obtener conexion
2021-10-14 17:11:12  [ main:5477 ] - [ INFO ]  Obtiene la conexion de forma correcta: {}
2021-10-14 17:11:12  [ main:5478 ] - [ INFO ]  query del update: update tcg_nc_header set URL = ? where TCGNCID  = ? 
2021-10-14 17:11:12  [ main:5651 ] - [ INFO ]  cierra conexion en metodo finaliza conexion.
2021-10-14 17:11:12  [ main:5652 ] - [ INFO ]  ********************* FINALIZA PROCESO ***********************
